  Boss.cpp
  Bullet.cpp
  BulletManager.cpp
  DeathParticle.cpp
  DeathParticleManager.cpp
  DebugUi.cpp
  DialogBox.cpp
  EnemyManager.cpp
  Animation.cpp
  AudioManager.cpp
C:\Users\_G4rG4m3l_\Documents\GitHub\CMP105\cmp105-coursework-nefastes\Coursework\CMP105App\DialogBox.cpp(112,26): warning C4018: '<': signed/unsigned mismatch
  Collision.cpp
  GameState.cpp
  Input.cpp
  MusicObject.cpp
  GameObject.cpp
  SoundObject.cpp
  TileMap.cpp
  Vector.cpp
  IntroCinematic.cpp
C:\Users\_G4rG4m3l_\Documents\GitHub\CMP105\cmp105-coursework-nefastes\Coursework\CMP105App\Framework\AudioManager.cpp(79,29): warning C4244: 'argument': conversion from 'unsigned int' to 'float', possible loss of data
C:\Users\_G4rG4m3l_\Documents\GitHub\CMP105\cmp105-coursework-nefastes\Coursework\CMP105App\IntroCinematic.cpp(11,73): warning C4244: 'argument': conversion from 'T' to 'T', possible loss of data
C:\Users\_G4rG4m3l_\Documents\GitHub\CMP105\cmp105-coursework-nefastes\Coursework\CMP105App\IntroCinematic.cpp(11,73): warning C4244:         with
C:\Users\_G4rG4m3l_\Documents\GitHub\CMP105\cmp105-coursework-nefastes\Coursework\CMP105App\IntroCinematic.cpp(11,73): warning C4244:         [
C:\Users\_G4rG4m3l_\Documents\GitHub\CMP105\cmp105-coursework-nefastes\Coursework\CMP105App\IntroCinematic.cpp(11,73): warning C4244:             T=unsigned int
C:\Users\_G4rG4m3l_\Documents\GitHub\CMP105\cmp105-coursework-nefastes\Coursework\CMP105App\IntroCinematic.cpp(11,73): warning C4244:         ]
C:\Users\_G4rG4m3l_\Documents\GitHub\CMP105\cmp105-coursework-nefastes\Coursework\CMP105App\IntroCinematic.cpp(11,73): warning C4244:         and
C:\Users\_G4rG4m3l_\Documents\GitHub\CMP105\cmp105-coursework-nefastes\Coursework\CMP105App\IntroCinematic.cpp(11,73): warning C4244:         [
C:\Users\_G4rG4m3l_\Documents\GitHub\CMP105\cmp105-coursework-nefastes\Coursework\CMP105App\IntroCinematic.cpp(11,73): warning C4244:             T=float
C:\Users\_G4rG4m3l_\Documents\GitHub\CMP105\cmp105-coursework-nefastes\Coursework\CMP105App\IntroCinematic.cpp(11,73): warning C4244:         ]
C:\Users\_G4rG4m3l_\Documents\GitHub\CMP105\cmp105-coursework-nefastes\Coursework\CMP105App\IntroCinematic.cpp(11,52): warning C4244: 'argument': conversion from 'T' to 'T', possible loss of data
C:\Users\_G4rG4m3l_\Documents\GitHub\CMP105\cmp105-coursework-nefastes\Coursework\CMP105App\IntroCinematic.cpp(11,52): warning C4244:         with
C:\Users\_G4rG4m3l_\Documents\GitHub\CMP105\cmp105-coursework-nefastes\Coursework\CMP105App\IntroCinematic.cpp(11,52): warning C4244:         [
C:\Users\_G4rG4m3l_\Documents\GitHub\CMP105\cmp105-coursework-nefastes\Coursework\CMP105App\IntroCinematic.cpp(11,52): warning C4244:             T=unsigned int
C:\Users\_G4rG4m3l_\Documents\GitHub\CMP105\cmp105-coursework-nefastes\Coursework\CMP105App\IntroCinematic.cpp(11,52): warning C4244:         ]
C:\Users\_G4rG4m3l_\Documents\GitHub\CMP105\cmp105-coursework-nefastes\Coursework\CMP105App\IntroCinematic.cpp(11,52): warning C4244:         and
C:\Users\_G4rG4m3l_\Documents\GitHub\CMP105\cmp105-coursework-nefastes\Coursework\CMP105App\IntroCinematic.cpp(11,52): warning C4244:         [
C:\Users\_G4rG4m3l_\Documents\GitHub\CMP105\cmp105-coursework-nefastes\Coursework\CMP105App\IntroCinematic.cpp(11,52): warning C4244:             T=float
C:\Users\_G4rG4m3l_\Documents\GitHub\CMP105\cmp105-coursework-nefastes\Coursework\CMP105App\IntroCinematic.cpp(11,52): warning C4244:         ]
C:\Users\_G4rG4m3l_\Documents\GitHub\CMP105\cmp105-coursework-nefastes\Coursework\CMP105App\IntroCinematic.cpp(18,80): warning C4244: 'argument': conversion from 'T' to 'T', possible loss of data
C:\Users\_G4rG4m3l_\Documents\GitHub\CMP105\cmp105-coursework-nefastes\Coursework\CMP105App\IntroCinematic.cpp(18,80): warning C4244:         with
C:\Users\_G4rG4m3l_\Documents\GitHub\CMP105\cmp105-coursework-nefastes\Coursework\CMP105App\IntroCinematic.cpp(18,80): warning C4244:         [
C:\Users\_G4rG4m3l_\Documents\GitHub\CMP105\cmp105-coursework-nefastes\Coursework\CMP105App\IntroCinematic.cpp(18,80): warning C4244:             T=unsigned int
C:\Users\_G4rG4m3l_\Documents\GitHub\CMP105\cmp105-coursework-nefastes\Coursework\CMP105App\IntroCinematic.cpp(18,80): warning C4244:         ]
C:\Users\_G4rG4m3l_\Documents\GitHub\CMP105\cmp105-coursework-nefastes\Coursework\CMP105App\IntroCinematic.cpp(18,80): warning C4244:         and
C:\Users\_G4rG4m3l_\Documents\GitHub\CMP105\cmp105-coursework-nefastes\Coursework\CMP105App\IntroCinematic.cpp(18,80): warning C4244:         [
C:\Users\_G4rG4m3l_\Documents\GitHub\CMP105\cmp105-coursework-nefastes\Coursework\CMP105App\IntroCinematic.cpp(18,80): warning C4244:             T=float
C:\Users\_G4rG4m3l_\Documents\GitHub\CMP105\cmp105-coursework-nefastes\Coursework\CMP105App\IntroCinematic.cpp(18,80): warning C4244:         ]
C:\Users\_G4rG4m3l_\Documents\GitHub\CMP105\cmp105-coursework-nefastes\Coursework\CMP105App\IntroCinematic.cpp(18,55): warning C4244: 'argument': conversion from 'T' to 'T', possible loss of data
C:\Users\_G4rG4m3l_\Documents\GitHub\CMP105\cmp105-coursework-nefastes\Coursework\CMP105App\IntroCinematic.cpp(18,55): warning C4244:         with
C:\Users\_G4rG4m3l_\Documents\GitHub\CMP105\cmp105-coursework-nefastes\Coursework\CMP105App\IntroCinematic.cpp(18,55): warning C4244:         [
C:\Users\_G4rG4m3l_\Documents\GitHub\CMP105\cmp105-coursework-nefastes\Coursework\CMP105App\IntroCinematic.cpp(18,55): warning C4244:             T=unsigned int
C:\Users\_G4rG4m3l_\Documents\GitHub\CMP105\cmp105-coursework-nefastes\Coursework\CMP105App\IntroCinematic.cpp(18,55): warning C4244:         ]
C:\Users\_G4rG4m3l_\Documents\GitHub\CMP105\cmp105-coursework-nefastes\Coursework\CMP105App\IntroCinematic.cpp(18,55): warning C4244:         and
C:\Users\_G4rG4m3l_\Documents\GitHub\CMP105\cmp105-coursework-nefastes\Coursework\CMP105App\IntroCinematic.cpp(18,55): warning C4244:         [
C:\Users\_G4rG4m3l_\Documents\GitHub\CMP105\cmp105-coursework-nefastes\Coursework\CMP105App\IntroCinematic.cpp(18,55): warning C4244:             T=float
C:\Users\_G4rG4m3l_\Documents\GitHub\CMP105\cmp105-coursework-nefastes\Coursework\CMP105App\IntroCinematic.cpp(18,55): warning C4244:         ]
C:\Users\_G4rG4m3l_\Documents\GitHub\CMP105\cmp105-coursework-nefastes\Coursework\CMP105App\IntroCinematic.cpp(19,71): warning C4244: 'argument': conversion from 'T' to 'float', possible loss of data
C:\Users\_G4rG4m3l_\Documents\GitHub\CMP105\cmp105-coursework-nefastes\Coursework\CMP105App\IntroCinematic.cpp(19,71): warning C4244:         with
C:\Users\_G4rG4m3l_\Documents\GitHub\CMP105\cmp105-coursework-nefastes\Coursework\CMP105App\IntroCinematic.cpp(19,71): warning C4244:         [
C:\Users\_G4rG4m3l_\Documents\GitHub\CMP105\cmp105-coursework-nefastes\Coursework\CMP105App\IntroCinematic.cpp(19,71): warning C4244:             T=unsigned int
C:\Users\_G4rG4m3l_\Documents\GitHub\CMP105\cmp105-coursework-nefastes\Coursework\CMP105App\IntroCinematic.cpp(19,71): warning C4244:         ]
C:\Users\_G4rG4m3l_\Documents\GitHub\CMP105\cmp105-coursework-nefastes\Coursework\CMP105App\IntroCinematic.cpp(19,46): warning C4244: 'argument': conversion from 'T' to 'float', possible loss of data
C:\Users\_G4rG4m3l_\Documents\GitHub\CMP105\cmp105-coursework-nefastes\Coursework\CMP105App\IntroCinematic.cpp(19,46): warning C4244:         with
C:\Users\_G4rG4m3l_\Documents\GitHub\CMP105\cmp105-coursework-nefastes\Coursework\CMP105App\IntroCinematic.cpp(19,46): warning C4244:         [
C:\Users\_G4rG4m3l_\Documents\GitHub\CMP105\cmp105-coursework-nefastes\Coursework\CMP105App\IntroCinematic.cpp(19,46): warning C4244:             T=unsigned int
C:\Users\_G4rG4m3l_\Documents\GitHub\CMP105\cmp105-coursework-nefastes\Coursework\CMP105App\IntroCinematic.cpp(19,46): warning C4244:         ]
C:\Users\_G4rG4m3l_\Documents\GitHub\CMP105\cmp105-coursework-nefastes\Coursework\CMP105App\IntroCinematic.cpp(25,91): warning C4244: 'argument': conversion from 'T' to 'T', possible loss of data
C:\Users\_G4rG4m3l_\Documents\GitHub\CMP105\cmp105-coursework-nefastes\Coursework\CMP105App\IntroCinematic.cpp(25,91): warning C4244:         with
C:\Users\_G4rG4m3l_\Documents\GitHub\CMP105\cmp105-coursework-nefastes\Coursework\CMP105App\IntroCinematic.cpp(25,91): warning C4244:         [
C:\Users\_G4rG4m3l_\Documents\GitHub\CMP105\cmp105-coursework-nefastes\Coursework\CMP105App\IntroCinematic.cpp(25,91): warning C4244:             T=unsigned int
C:\Users\_G4rG4m3l_\Documents\GitHub\CMP105\cmp105-coursework-nefastes\Coursework\CMP105App\IntroCinematic.cpp(25,91): warning C4244:         ]
C:\Users\_G4rG4m3l_\Documents\GitHub\CMP105\cmp105-coursework-nefastes\Coursework\CMP105App\IntroCinematic.cpp(25,91): warning C4244:         and
C:\Users\_G4rG4m3l_\Documents\GitHub\CMP105\cmp105-coursework-nefastes\Coursework\CMP105App\IntroCinematic.cpp(25,91): warning C4244:         [
C:\Users\_G4rG4m3l_\Documents\GitHub\CMP105\cmp105-coursework-nefastes\Coursework\CMP105App\IntroCinematic.cpp(25,91): warning C4244:             T=float
C:\Users\_G4rG4m3l_\Documents\GitHub\CMP105\cmp105-coursework-nefastes\Coursework\CMP105App\IntroCinematic.cpp(25,91): warning C4244:         ]
C:\Users\_G4rG4m3l_\Documents\GitHub\CMP105\cmp105-coursework-nefastes\Coursework\CMP105App\IntroCinematic.cpp(28,92): warning C4244: 'argument': conversion from 'T' to 'T', possible loss of data
C:\Users\_G4rG4m3l_\Documents\GitHub\CMP105\cmp105-coursework-nefastes\Coursework\CMP105App\IntroCinematic.cpp(28,92): warning C4244:         with
C:\Users\_G4rG4m3l_\Documents\GitHub\CMP105\cmp105-coursework-nefastes\Coursework\CMP105App\IntroCinematic.cpp(28,92): warning C4244:         [
C:\Users\_G4rG4m3l_\Documents\GitHub\CMP105\cmp105-coursework-nefastes\Coursework\CMP105App\IntroCinematic.cpp(28,92): warning C4244:             T=unsigned int
C:\Users\_G4rG4m3l_\Documents\GitHub\CMP105\cmp105-coursework-nefastes\Coursework\CMP105App\IntroCinematic.cpp(28,92): warning C4244:         ]
C:\Users\_G4rG4m3l_\Documents\GitHub\CMP105\cmp105-coursework-nefastes\Coursework\CMP105App\IntroCinematic.cpp(28,92): warning C4244:         and
C:\Users\_G4rG4m3l_\Documents\GitHub\CMP105\cmp105-coursework-nefastes\Coursework\CMP105App\IntroCinematic.cpp(28,92): warning C4244:         [
C:\Users\_G4rG4m3l_\Documents\GitHub\CMP105\cmp105-coursework-nefastes\Coursework\CMP105App\IntroCinematic.cpp(28,92): warning C4244:             T=float
C:\Users\_G4rG4m3l_\Documents\GitHub\CMP105\cmp105-coursework-nefastes\Coursework\CMP105App\IntroCinematic.cpp(28,92): warning C4244:         ]
C:\Users\_G4rG4m3l_\Documents\GitHub\CMP105\cmp105-coursework-nefastes\Coursework\CMP105App\IntroCinematic.cpp(36,94): warning C4244: 'argument': conversion from 'T' to 'T', possible loss of data
C:\Users\_G4rG4m3l_\Documents\GitHub\CMP105\cmp105-coursework-nefastes\Coursework\CMP105App\IntroCinematic.cpp(36,94): warning C4244:         with
C:\Users\_G4rG4m3l_\Documents\GitHub\CMP105\cmp105-coursework-nefastes\Coursework\CMP105App\IntroCinematic.cpp(36,94): warning C4244:         [
C:\Users\_G4rG4m3l_\Documents\GitHub\CMP105\cmp105-coursework-nefastes\Coursework\CMP105App\IntroCinematic.cpp(36,94): warning C4244:             T=unsigned int
C:\Users\_G4rG4m3l_\Documents\GitHub\CMP105\cmp105-coursework-nefastes\Coursework\CMP105App\IntroCinematic.cpp(36,94): warning C4244:         ]
C:\Users\_G4rG4m3l_\Documents\GitHub\CMP105\cmp105-coursework-nefastes\Coursework\CMP105App\IntroCinematic.cpp(36,94): warning C4244:         and
C:\Users\_G4rG4m3l_\Documents\GitHub\CMP105\cmp105-coursework-nefastes\Coursework\CMP105App\IntroCinematic.cpp(36,94): warning C4244:         [
C:\Users\_G4rG4m3l_\Documents\GitHub\CMP105\cmp105-coursework-nefastes\Coursework\CMP105App\IntroCinematic.cpp(36,94): warning C4244:             T=float
C:\Users\_G4rG4m3l_\Documents\GitHub\CMP105\cmp105-coursework-nefastes\Coursework\CMP105App\IntroCinematic.cpp(36,94): warning C4244:         ]
C:\Users\_G4rG4m3l_\Documents\GitHub\CMP105\cmp105-coursework-nefastes\Coursework\CMP105App\IntroCinematic.cpp(40,80): warning C4244: 'argument': conversion from 'T' to 'float', possible loss of data
C:\Users\_G4rG4m3l_\Documents\GitHub\CMP105\cmp105-coursework-nefastes\Coursework\CMP105App\IntroCinematic.cpp(40,80): warning C4244:         with
C:\Users\_G4rG4m3l_\Documents\GitHub\CMP105\cmp105-coursework-nefastes\Coursework\CMP105App\IntroCinematic.cpp(40,80): warning C4244:         [
C:\Users\_G4rG4m3l_\Documents\GitHub\CMP105\cmp105-coursework-nefastes\Coursework\CMP105App\IntroCinematic.cpp(40,80): warning C4244:             T=unsigned int
C:\Users\_G4rG4m3l_\Documents\GitHub\CMP105\cmp105-coursework-nefastes\Coursework\CMP105App\IntroCinematic.cpp(40,80): warning C4244:         ]
C:\Users\_G4rG4m3l_\Documents\GitHub\CMP105\cmp105-coursework-nefastes\Coursework\CMP105App\IntroCinematic.cpp(40,51): warning C4244: 'argument': conversion from 'T' to 'float', possible loss of data
C:\Users\_G4rG4m3l_\Documents\GitHub\CMP105\cmp105-coursework-nefastes\Coursework\CMP105App\IntroCinematic.cpp(40,51): warning C4244:         with
C:\Users\_G4rG4m3l_\Documents\GitHub\CMP105\cmp105-coursework-nefastes\Coursework\CMP105App\IntroCinematic.cpp(40,51): warning C4244:         [
C:\Users\_G4rG4m3l_\Documents\GitHub\CMP105\cmp105-coursework-nefastes\Coursework\CMP105App\IntroCinematic.cpp(40,51): warning C4244:             T=unsigned int
C:\Users\_G4rG4m3l_\Documents\GitHub\CMP105\cmp105-coursework-nefastes\Coursework\CMP105App\IntroCinematic.cpp(40,51): warning C4244:         ]
C:\Users\_G4rG4m3l_\Documents\GitHub\CMP105\cmp105-coursework-nefastes\Coursework\CMP105App\IntroCinematic.cpp(43,77): warning C4244: 'argument': conversion from 'T' to 'float', possible loss of data
C:\Users\_G4rG4m3l_\Documents\GitHub\CMP105\cmp105-coursework-nefastes\Coursework\CMP105App\IntroCinematic.cpp(43,77): warning C4244:         with
C:\Users\_G4rG4m3l_\Documents\GitHub\CMP105\cmp105-coursework-nefastes\Coursework\CMP105App\IntroCinematic.cpp(43,77): warning C4244:         [
C:\Users\_G4rG4m3l_\Documents\GitHub\CMP105\cmp105-coursework-nefastes\Coursework\CMP105App\IntroCinematic.cpp(43,77): warning C4244:             T=unsigned int
C:\Users\_G4rG4m3l_\Documents\GitHub\CMP105\cmp105-coursework-nefastes\Coursework\CMP105App\IntroCinematic.cpp(43,77): warning C4244:         ]
C:\Users\_G4rG4m3l_\Documents\GitHub\CMP105\cmp105-coursework-nefastes\Coursework\CMP105App\IntroCinematic.cpp(43,48): warning C4244: 'argument': conversion from 'T' to 'float', possible loss of data
C:\Users\_G4rG4m3l_\Documents\GitHub\CMP105\cmp105-coursework-nefastes\Coursework\CMP105App\IntroCinematic.cpp(43,48): warning C4244:         with
C:\Users\_G4rG4m3l_\Documents\GitHub\CMP105\cmp105-coursework-nefastes\Coursework\CMP105App\IntroCinematic.cpp(43,48): warning C4244:         [
C:\Users\_G4rG4m3l_\Documents\GitHub\CMP105\cmp105-coursework-nefastes\Coursework\CMP105App\IntroCinematic.cpp(43,48): warning C4244:             T=unsigned int
C:\Users\_G4rG4m3l_\Documents\GitHub\CMP105\cmp105-coursework-nefastes\Coursework\CMP105App\IntroCinematic.cpp(43,48): warning C4244:         ]
C:\Users\_G4rG4m3l_\Documents\GitHub\CMP105\cmp105-coursework-nefastes\Coursework\CMP105App\IntroCinematic.cpp(50,94): warning C4244: 'argument': conversion from 'T' to 'T', possible loss of data
C:\Users\_G4rG4m3l_\Documents\GitHub\CMP105\cmp105-coursework-nefastes\Coursework\CMP105App\IntroCinematic.cpp(50,94): warning C4244:         with
C:\Users\_G4rG4m3l_\Documents\GitHub\CMP105\cmp105-coursework-nefastes\Coursework\CMP105App\IntroCinematic.cpp(50,94): warning C4244:         [
C:\Users\_G4rG4m3l_\Documents\GitHub\CMP105\cmp105-coursework-nefastes\Coursework\CMP105App\IntroCinematic.cpp(50,94): warning C4244:             T=unsigned int
C:\Users\_G4rG4m3l_\Documents\GitHub\CMP105\cmp105-coursework-nefastes\Coursework\CMP105App\IntroCinematic.cpp(50,94): warning C4244:         ]
C:\Users\_G4rG4m3l_\Documents\GitHub\CMP105\cmp105-coursework-nefastes\Coursework\CMP105App\IntroCinematic.cpp(50,94): warning C4244:         and
C:\Users\_G4rG4m3l_\Documents\GitHub\CMP105\cmp105-coursework-nefastes\Coursework\CMP105App\IntroCinematic.cpp(50,94): warning C4244:         [
C:\Users\_G4rG4m3l_\Documents\GitHub\CMP105\cmp105-coursework-nefastes\Coursework\CMP105App\IntroCinematic.cpp(50,94): warning C4244:             T=float
C:\Users\_G4rG4m3l_\Documents\GitHub\CMP105\cmp105-coursework-nefastes\Coursework\CMP105App\IntroCinematic.cpp(50,94): warning C4244:         ]
C:\Users\_G4rG4m3l_\Documents\GitHub\CMP105\cmp105-coursework-nefastes\Coursework\CMP105App\IntroCinematic.cpp(53,95): warning C4244: 'argument': conversion from 'T' to 'T', possible loss of data
C:\Users\_G4rG4m3l_\Documents\GitHub\CMP105\cmp105-coursework-nefastes\Coursework\CMP105App\IntroCinematic.cpp(53,95): warning C4244:         with
C:\Users\_G4rG4m3l_\Documents\GitHub\CMP105\cmp105-coursework-nefastes\Coursework\CMP105App\IntroCinematic.cpp(53,95): warning C4244:         [
C:\Users\_G4rG4m3l_\Documents\GitHub\CMP105\cmp105-coursework-nefastes\Coursework\CMP105App\IntroCinematic.cpp(53,95): warning C4244:             T=unsigned int
C:\Users\_G4rG4m3l_\Documents\GitHub\CMP105\cmp105-coursework-nefastes\Coursework\CMP105App\IntroCinematic.cpp(53,95): warning C4244:         ]
C:\Users\_G4rG4m3l_\Documents\GitHub\CMP105\cmp105-coursework-nefastes\Coursework\CMP105App\IntroCinematic.cpp(53,95): warning C4244:         and
C:\Users\_G4rG4m3l_\Documents\GitHub\CMP105\cmp105-coursework-nefastes\Coursework\CMP105App\IntroCinematic.cpp(53,95): warning C4244:         [
C:\Users\_G4rG4m3l_\Documents\GitHub\CMP105\cmp105-coursework-nefastes\Coursework\CMP105App\IntroCinematic.cpp(53,95): warning C4244:             T=float
C:\Users\_G4rG4m3l_\Documents\GitHub\CMP105\cmp105-coursework-nefastes\Coursework\CMP105App\IntroCinematic.cpp(53,95): warning C4244:         ]
C:\Users\_G4rG4m3l_\Documents\GitHub\CMP105\cmp105-coursework-nefastes\Coursework\CMP105App\IntroCinematic.cpp(81,72): warning C4244: 'argument': conversion from 'T' to 'float', possible loss of data
C:\Users\_G4rG4m3l_\Documents\GitHub\CMP105\cmp105-coursework-nefastes\Coursework\CMP105App\IntroCinematic.cpp(81,72): warning C4244:         with
C:\Users\_G4rG4m3l_\Documents\GitHub\CMP105\cmp105-coursework-nefastes\Coursework\CMP105App\IntroCinematic.cpp(81,72): warning C4244:         [
C:\Users\_G4rG4m3l_\Documents\GitHub\CMP105\cmp105-coursework-nefastes\Coursework\CMP105App\IntroCinematic.cpp(81,72): warning C4244:             T=unsigned int
C:\Users\_G4rG4m3l_\Documents\GitHub\CMP105\cmp105-coursework-nefastes\Coursework\CMP105App\IntroCinematic.cpp(81,72): warning C4244:         ]
C:\Users\_G4rG4m3l_\Documents\GitHub\CMP105\cmp105-coursework-nefastes\Coursework\CMP105App\IntroCinematic.cpp(81,42): warning C4244: 'argument': conversion from 'T' to 'float', possible loss of data
C:\Users\_G4rG4m3l_\Documents\GitHub\CMP105\cmp105-coursework-nefastes\Coursework\CMP105App\IntroCinematic.cpp(81,42): warning C4244:         with
C:\Users\_G4rG4m3l_\Documents\GitHub\CMP105\cmp105-coursework-nefastes\Coursework\CMP105App\IntroCinematic.cpp(81,42): warning C4244:         [
C:\Users\_G4rG4m3l_\Documents\GitHub\CMP105\cmp105-coursework-nefastes\Coursework\CMP105App\IntroCinematic.cpp(81,42): warning C4244:             T=unsigned int
C:\Users\_G4rG4m3l_\Documents\GitHub\CMP105\cmp105-coursework-nefastes\Coursework\CMP105App\IntroCinematic.cpp(81,42): warning C4244:         ]
C:\Users\_G4rG4m3l_\Documents\GitHub\CMP105\cmp105-coursework-nefastes\Coursework\CMP105App\IntroCinematic.cpp(359,134): warning C4244: 'argument': conversion from 'T' to 'float', possible loss of data
C:\Users\_G4rG4m3l_\Documents\GitHub\CMP105\cmp105-coursework-nefastes\Coursework\CMP105App\IntroCinematic.cpp(359,134): warning C4244:         with
C:\Users\_G4rG4m3l_\Documents\GitHub\CMP105\cmp105-coursework-nefastes\Coursework\CMP105App\IntroCinematic.cpp(359,134): warning C4244:         [
C:\Users\_G4rG4m3l_\Documents\GitHub\CMP105\cmp105-coursework-nefastes\Coursework\CMP105App\IntroCinematic.cpp(359,134): warning C4244:             T=unsigned int
C:\Users\_G4rG4m3l_\Documents\GitHub\CMP105\cmp105-coursework-nefastes\Coursework\CMP105App\IntroCinematic.cpp(359,134): warning C4244:         ]
C:\Users\_G4rG4m3l_\Documents\GitHub\CMP105\cmp105-coursework-nefastes\Coursework\CMP105App\IntroCinematic.cpp(381,104): warning C4244: 'argument': conversion from 'T' to 'float', possible loss of data
C:\Users\_G4rG4m3l_\Documents\GitHub\CMP105\cmp105-coursework-nefastes\Coursework\CMP105App\IntroCinematic.cpp(381,104): warning C4244:         with
C:\Users\_G4rG4m3l_\Documents\GitHub\CMP105\cmp105-coursework-nefastes\Coursework\CMP105App\IntroCinematic.cpp(381,104): warning C4244:         [
C:\Users\_G4rG4m3l_\Documents\GitHub\CMP105\cmp105-coursework-nefastes\Coursework\CMP105App\IntroCinematic.cpp(381,104): warning C4244:             T=unsigned int
C:\Users\_G4rG4m3l_\Documents\GitHub\CMP105\cmp105-coursework-nefastes\Coursework\CMP105App\IntroCinematic.cpp(381,104): warning C4244:         ]
C:\Users\_G4rG4m3l_\Documents\GitHub\CMP105\cmp105-coursework-nefastes\Coursework\CMP105App\IntroCinematic.cpp(403,55): warning C4244: '+=': conversion from 'float' to 'uint8_t', possible loss of data
C:\Users\_G4rG4m3l_\Documents\GitHub\CMP105\cmp105-coursework-nefastes\Coursework\CMP105App\IntroCinematic.cpp(422,55): warning C4244: '-=': conversion from 'float' to 'uint8_t', possible loss of data
C:\Users\_G4rG4m3l_\Documents\GitHub\CMP105\cmp105-coursework-nefastes\Coursework\CMP105App\IntroCinematic.cpp(435,73): warning C4244: 'argument': conversion from 'T' to 'T', possible loss of data
C:\Users\_G4rG4m3l_\Documents\GitHub\CMP105\cmp105-coursework-nefastes\Coursework\CMP105App\IntroCinematic.cpp(435,73): warning C4244:         with
C:\Users\_G4rG4m3l_\Documents\GitHub\CMP105\cmp105-coursework-nefastes\Coursework\CMP105App\IntroCinematic.cpp(435,73): warning C4244:         [
C:\Users\_G4rG4m3l_\Documents\GitHub\CMP105\cmp105-coursework-nefastes\Coursework\CMP105App\IntroCinematic.cpp(435,73): warning C4244:             T=unsigned int
C:\Users\_G4rG4m3l_\Documents\GitHub\CMP105\cmp105-coursework-nefastes\Coursework\CMP105App\IntroCinematic.cpp(435,73): warning C4244:         ]
C:\Users\_G4rG4m3l_\Documents\GitHub\CMP105\cmp105-coursework-nefastes\Coursework\CMP105App\IntroCinematic.cpp(435,73): warning C4244:         and
C:\Users\_G4rG4m3l_\Documents\GitHub\CMP105\cmp105-coursework-nefastes\Coursework\CMP105App\IntroCinematic.cpp(435,73): warning C4244:         [
C:\Users\_G4rG4m3l_\Documents\GitHub\CMP105\cmp105-coursework-nefastes\Coursework\CMP105App\IntroCinematic.cpp(435,73): warning C4244:             T=float
C:\Users\_G4rG4m3l_\Documents\GitHub\CMP105\cmp105-coursework-nefastes\Coursework\CMP105App\IntroCinematic.cpp(435,73): warning C4244:         ]
C:\Users\_G4rG4m3l_\Documents\GitHub\CMP105\cmp105-coursework-nefastes\Coursework\CMP105App\IntroCinematic.cpp(435,52): warning C4244: 'argument': conversion from 'T' to 'T', possible loss of data
C:\Users\_G4rG4m3l_\Documents\GitHub\CMP105\cmp105-coursework-nefastes\Coursework\CMP105App\IntroCinematic.cpp(435,52): warning C4244:         with
C:\Users\_G4rG4m3l_\Documents\GitHub\CMP105\cmp105-coursework-nefastes\Coursework\CMP105App\IntroCinematic.cpp(435,52): warning C4244:         [
C:\Users\_G4rG4m3l_\Documents\GitHub\CMP105\cmp105-coursework-nefastes\Coursework\CMP105App\IntroCinematic.cpp(435,52): warning C4244:             T=unsigned int
C:\Users\_G4rG4m3l_\Documents\GitHub\CMP105\cmp105-coursework-nefastes\Coursework\CMP105App\IntroCinematic.cpp(435,52): warning C4244:         ]
C:\Users\_G4rG4m3l_\Documents\GitHub\CMP105\cmp105-coursework-nefastes\Coursework\CMP105App\IntroCinematic.cpp(435,52): warning C4244:         and
C:\Users\_G4rG4m3l_\Documents\GitHub\CMP105\cmp105-coursework-nefastes\Coursework\CMP105App\IntroCinematic.cpp(435,52): warning C4244:         [
C:\Users\_G4rG4m3l_\Documents\GitHub\CMP105\cmp105-coursework-nefastes\Coursework\CMP105App\IntroCinematic.cpp(435,52): warning C4244:             T=float
C:\Users\_G4rG4m3l_\Documents\GitHub\CMP105\cmp105-coursework-nefastes\Coursework\CMP105App\IntroCinematic.cpp(435,52): warning C4244:         ]
C:\Users\_G4rG4m3l_\Documents\GitHub\CMP105\cmp105-coursework-nefastes\Coursework\CMP105App\IntroCinematic.cpp(464,80): warning C4244: 'argument': conversion from 'T' to 'float', possible loss of data
C:\Users\_G4rG4m3l_\Documents\GitHub\CMP105\cmp105-coursework-nefastes\Coursework\CMP105App\IntroCinematic.cpp(464,80): warning C4244:         with
C:\Users\_G4rG4m3l_\Documents\GitHub\CMP105\cmp105-coursework-nefastes\Coursework\CMP105App\IntroCinematic.cpp(464,80): warning C4244:         [
C:\Users\_G4rG4m3l_\Documents\GitHub\CMP105\cmp105-coursework-nefastes\Coursework\CMP105App\IntroCinematic.cpp(464,80): warning C4244:             T=unsigned int
C:\Users\_G4rG4m3l_\Documents\GitHub\CMP105\cmp105-coursework-nefastes\Coursework\CMP105App\IntroCinematic.cpp(464,80): warning C4244:         ]
C:\Users\_G4rG4m3l_\Documents\GitHub\CMP105\cmp105-coursework-nefastes\Coursework\CMP105App\IntroCinematic.cpp(464,51): warning C4244: 'argument': conversion from 'T' to 'float', possible loss of data
C:\Users\_G4rG4m3l_\Documents\GitHub\CMP105\cmp105-coursework-nefastes\Coursework\CMP105App\IntroCinematic.cpp(464,51): warning C4244:         with
C:\Users\_G4rG4m3l_\Documents\GitHub\CMP105\cmp105-coursework-nefastes\Coursework\CMP105App\IntroCinematic.cpp(464,51): warning C4244:         [
C:\Users\_G4rG4m3l_\Documents\GitHub\CMP105\cmp105-coursework-nefastes\Coursework\CMP105App\IntroCinematic.cpp(464,51): warning C4244:             T=unsigned int
C:\Users\_G4rG4m3l_\Documents\GitHub\CMP105\cmp105-coursework-nefastes\Coursework\CMP105App\IntroCinematic.cpp(464,51): warning C4244:         ]
C:\Users\_G4rG4m3l_\Documents\GitHub\CMP105\cmp105-coursework-nefastes\Coursework\CMP105App\IntroCinematic.cpp(465,77): warning C4244: 'argument': conversion from 'T' to 'float', possible loss of data
C:\Users\_G4rG4m3l_\Documents\GitHub\CMP105\cmp105-coursework-nefastes\Coursework\CMP105App\IntroCinematic.cpp(465,77): warning C4244:         with
C:\Users\_G4rG4m3l_\Documents\GitHub\CMP105\cmp105-coursework-nefastes\Coursework\CMP105App\IntroCinematic.cpp(465,77): warning C4244:         [
C:\Users\_G4rG4m3l_\Documents\GitHub\CMP105\cmp105-coursework-nefastes\Coursework\CMP105App\IntroCinematic.cpp(465,77): warning C4244:             T=unsigned int
C:\Users\_G4rG4m3l_\Documents\GitHub\CMP105\cmp105-coursework-nefastes\Coursework\CMP105App\IntroCinematic.cpp(465,77): warning C4244:         ]
  Item.cpp
  Compiling...
  ItemManager.cpp
  Level.cpp
C:\Users\_G4rG4m3l_\Documents\GitHub\CMP105\cmp105-coursework-nefastes\Coursework\CMP105App\IntroCinematic.cpp(465,48): warning C4244: 'argument': conversion from 'T' to 'float', possible loss of data
C:\Users\_G4rG4m3l_\Documents\GitHub\CMP105\cmp105-coursework-nefastes\Coursework\CMP105App\IntroCinematic.cpp(465,48): warning C4244:         with
C:\Users\_G4rG4m3l_\Documents\GitHub\CMP105\cmp105-coursework-nefastes\Coursework\CMP105App\IntroCinematic.cpp(465,48): warning C4244:         [
C:\Users\_G4rG4m3l_\Documents\GitHub\CMP105\cmp105-coursework-nefastes\Coursework\CMP105App\IntroCinematic.cpp(465,48): warning C4244:             T=unsigned int
C:\Users\_G4rG4m3l_\Documents\GitHub\CMP105\cmp105-coursework-nefastes\Coursework\CMP105App\IntroCinematic.cpp(465,48): warning C4244:         ]
C:\Users\_G4rG4m3l_\Documents\GitHub\CMP105\cmp105-coursework-nefastes\Coursework\CMP105App\Level.cpp(124,30): warning C4244: 'argument': conversion from 'int' to 'T', possible loss of data
C:\Users\_G4rG4m3l_\Documents\GitHub\CMP105\cmp105-coursework-nefastes\Coursework\CMP105App\Level.cpp(124,30): warning C4244:         with
C:\Users\_G4rG4m3l_\Documents\GitHub\CMP105\cmp105-coursework-nefastes\Coursework\CMP105App\Level.cpp(124,30): warning C4244:         [
C:\Users\_G4rG4m3l_\Documents\GitHub\CMP105\cmp105-coursework-nefastes\Coursework\CMP105App\Level.cpp(124,30): warning C4244:             T=float
C:\Users\_G4rG4m3l_\Documents\GitHub\CMP105\cmp105-coursework-nefastes\Coursework\CMP105App\Level.cpp(124,30): warning C4244:         ]
C:\Users\_G4rG4m3l_\Documents\GitHub\CMP105\cmp105-coursework-nefastes\Coursework\CMP105App\Level.cpp(123,96): warning C4244: 'argument': conversion from 'int' to 'T', possible loss of data
C:\Users\_G4rG4m3l_\Documents\GitHub\CMP105\cmp105-coursework-nefastes\Coursework\CMP105App\Level.cpp(123,96): warning C4244:         with
C:\Users\_G4rG4m3l_\Documents\GitHub\CMP105\cmp105-coursework-nefastes\Coursework\CMP105App\Level.cpp(123,96): warning C4244:         [
C:\Users\_G4rG4m3l_\Documents\GitHub\CMP105\cmp105-coursework-nefastes\Coursework\CMP105App\Level.cpp(123,96): warning C4244:             T=float
C:\Users\_G4rG4m3l_\Documents\GitHub\CMP105\cmp105-coursework-nefastes\Coursework\CMP105App\Level.cpp(123,96): warning C4244:         ]
C:\Users\_G4rG4m3l_\Documents\GitHub\CMP105\cmp105-coursework-nefastes\Coursework\CMP105App\Level.cpp(136,31): warning C4244: 'argument': conversion from 'int' to 'T', possible loss of data
C:\Users\_G4rG4m3l_\Documents\GitHub\CMP105\cmp105-coursework-nefastes\Coursework\CMP105App\Level.cpp(136,31): warning C4244:         with
C:\Users\_G4rG4m3l_\Documents\GitHub\CMP105\cmp105-coursework-nefastes\Coursework\CMP105App\Level.cpp(136,31): warning C4244:         [
C:\Users\_G4rG4m3l_\Documents\GitHub\CMP105\cmp105-coursework-nefastes\Coursework\CMP105App\Level.cpp(136,31): warning C4244:             T=float
C:\Users\_G4rG4m3l_\Documents\GitHub\CMP105\cmp105-coursework-nefastes\Coursework\CMP105App\Level.cpp(136,31): warning C4244:         ]
C:\Users\_G4rG4m3l_\Documents\GitHub\CMP105\cmp105-coursework-nefastes\Coursework\CMP105App\Level.cpp(135,54): warning C4244: 'argument': conversion from 'int' to 'T', possible loss of data
C:\Users\_G4rG4m3l_\Documents\GitHub\CMP105\cmp105-coursework-nefastes\Coursework\CMP105App\Level.cpp(135,54): warning C4244:         with
C:\Users\_G4rG4m3l_\Documents\GitHub\CMP105\cmp105-coursework-nefastes\Coursework\CMP105App\Level.cpp(135,54): warning C4244:         [
C:\Users\_G4rG4m3l_\Documents\GitHub\CMP105\cmp105-coursework-nefastes\Coursework\CMP105App\Level.cpp(135,54): warning C4244:             T=float
C:\Users\_G4rG4m3l_\Documents\GitHub\CMP105\cmp105-coursework-nefastes\Coursework\CMP105App\Level.cpp(135,54): warning C4244:         ]
C:\Users\_G4rG4m3l_\Documents\GitHub\CMP105\cmp105-coursework-nefastes\Coursework\CMP105App\Level.cpp(154,43): warning C4244: 'argument': conversion from 'int' to 'T', possible loss of data
C:\Users\_G4rG4m3l_\Documents\GitHub\CMP105\cmp105-coursework-nefastes\Coursework\CMP105App\Level.cpp(154,43): warning C4244:         with
C:\Users\_G4rG4m3l_\Documents\GitHub\CMP105\cmp105-coursework-nefastes\Coursework\CMP105App\Level.cpp(154,43): warning C4244:         [
C:\Users\_G4rG4m3l_\Documents\GitHub\CMP105\cmp105-coursework-nefastes\Coursework\CMP105App\Level.cpp(154,43): warning C4244:             T=float
C:\Users\_G4rG4m3l_\Documents\GitHub\CMP105\cmp105-coursework-nefastes\Coursework\CMP105App\Level.cpp(154,43): warning C4244:         ]
C:\Users\_G4rG4m3l_\Documents\GitHub\CMP105\cmp105-coursework-nefastes\Coursework\CMP105App\Level.cpp(166,42): warning C4244: 'argument': conversion from 'int' to 'T', possible loss of data
C:\Users\_G4rG4m3l_\Documents\GitHub\CMP105\cmp105-coursework-nefastes\Coursework\CMP105App\Level.cpp(166,42): warning C4244:         with
C:\Users\_G4rG4m3l_\Documents\GitHub\CMP105\cmp105-coursework-nefastes\Coursework\CMP105App\Level.cpp(166,42): warning C4244:         [
C:\Users\_G4rG4m3l_\Documents\GitHub\CMP105\cmp105-coursework-nefastes\Coursework\CMP105App\Level.cpp(166,42): warning C4244:             T=float
C:\Users\_G4rG4m3l_\Documents\GitHub\CMP105\cmp105-coursework-nefastes\Coursework\CMP105App\Level.cpp(166,42): warning C4244:         ]
C:\Users\_G4rG4m3l_\Documents\GitHub\CMP105\cmp105-coursework-nefastes\Coursework\CMP105App\Level.cpp(187,40): warning C4244: 'argument': conversion from 'int' to 'T', possible loss of data
C:\Users\_G4rG4m3l_\Documents\GitHub\CMP105\cmp105-coursework-nefastes\Coursework\CMP105App\Level.cpp(187,40): warning C4244:         with
C:\Users\_G4rG4m3l_\Documents\GitHub\CMP105\cmp105-coursework-nefastes\Coursework\CMP105App\Level.cpp(187,40): warning C4244:         [
C:\Users\_G4rG4m3l_\Documents\GitHub\CMP105\cmp105-coursework-nefastes\Coursework\CMP105App\Level.cpp(187,40): warning C4244:             T=float
C:\Users\_G4rG4m3l_\Documents\GitHub\CMP105\cmp105-coursework-nefastes\Coursework\CMP105App\Level.cpp(187,40): warning C4244:         ]
C:\Users\_G4rG4m3l_\Documents\GitHub\CMP105\cmp105-coursework-nefastes\Coursework\CMP105App\Level.cpp(202,69): warning C4244: 'argument': conversion from 'int' to 'T', possible loss of data
C:\Users\_G4rG4m3l_\Documents\GitHub\CMP105\cmp105-coursework-nefastes\Coursework\CMP105App\Level.cpp(202,69): warning C4244:         with
C:\Users\_G4rG4m3l_\Documents\GitHub\CMP105\cmp105-coursework-nefastes\Coursework\CMP105App\Level.cpp(202,69): warning C4244:         [
C:\Users\_G4rG4m3l_\Documents\GitHub\CMP105\cmp105-coursework-nefastes\Coursework\CMP105App\Level.cpp(202,69): warning C4244:             T=float
C:\Users\_G4rG4m3l_\Documents\GitHub\CMP105\cmp105-coursework-nefastes\Coursework\CMP105App\Level.cpp(202,69): warning C4244:         ]
C:\Users\_G4rG4m3l_\Documents\GitHub\CMP105\cmp105-coursework-nefastes\Coursework\CMP105App\Level.cpp(257,70): warning C4244: 'argument': conversion from 'T' to 'float', possible loss of data
C:\Users\_G4rG4m3l_\Documents\GitHub\CMP105\cmp105-coursework-nefastes\Coursework\CMP105App\Level.cpp(257,70): warning C4244:         with
C:\Users\_G4rG4m3l_\Documents\GitHub\CMP105\cmp105-coursework-nefastes\Coursework\CMP105App\Level.cpp(257,70): warning C4244:         [
C:\Users\_G4rG4m3l_\Documents\GitHub\CMP105\cmp105-coursework-nefastes\Coursework\CMP105App\Level.cpp(257,70): warning C4244:             T=unsigned int
C:\Users\_G4rG4m3l_\Documents\GitHub\CMP105\cmp105-coursework-nefastes\Coursework\CMP105App\Level.cpp(257,70): warning C4244:         ]
C:\Users\_G4rG4m3l_\Documents\GitHub\CMP105\cmp105-coursework-nefastes\Coursework\CMP105App\Level.cpp(257,45): warning C4244: 'argument': conversion from 'T' to 'float', possible loss of data
C:\Users\_G4rG4m3l_\Documents\GitHub\CMP105\cmp105-coursework-nefastes\Coursework\CMP105App\Level.cpp(257,45): warning C4244:         with
C:\Users\_G4rG4m3l_\Documents\GitHub\CMP105\cmp105-coursework-nefastes\Coursework\CMP105App\Level.cpp(257,45): warning C4244:         [
C:\Users\_G4rG4m3l_\Documents\GitHub\CMP105\cmp105-coursework-nefastes\Coursework\CMP105App\Level.cpp(257,45): warning C4244:             T=unsigned int
C:\Users\_G4rG4m3l_\Documents\GitHub\CMP105\cmp105-coursework-nefastes\Coursework\CMP105App\Level.cpp(257,45): warning C4244:         ]
C:\Users\_G4rG4m3l_\Documents\GitHub\CMP105\cmp105-coursework-nefastes\Coursework\CMP105App\Level.cpp(470,74): warning C4244: 'argument': conversion from 'int' to 'float', possible loss of data
  Main.cpp
C:\Users\_G4rG4m3l_\Documents\GitHub\CMP105\cmp105-coursework-nefastes\Coursework\CMP105App\Level.cpp(470,44): warning C4244: 'argument': conversion from 'int' to 'float', possible loss of data
C:\Users\_G4rG4m3l_\Documents\GitHub\CMP105\cmp105-coursework-nefastes\Coursework\CMP105App\Main.cpp(31,12): warning C4244: 'argument': conversion from 'time_t' to 'unsigned int', possible loss of data
  MainMenu.cpp
C:\Users\_G4rG4m3l_\Documents\GitHub\CMP105\cmp105-coursework-nefastes\Coursework\CMP105App\Main.cpp(116,35): warning C4244: 'argument': conversion from 'float' to 'unsigned int', possible loss of data
C:\Users\_G4rG4m3l_\Documents\GitHub\CMP105\cmp105-coursework-nefastes\Coursework\CMP105App\MainMenu.cpp(30,46): warning C4244: 'argument': conversion from 'T' to 'float', possible loss of data
C:\Users\_G4rG4m3l_\Documents\GitHub\CMP105\cmp105-coursework-nefastes\Coursework\CMP105App\MainMenu.cpp(30,46): warning C4244:         with
C:\Users\_G4rG4m3l_\Documents\GitHub\CMP105\cmp105-coursework-nefastes\Coursework\CMP105App\MainMenu.cpp(30,46): warning C4244:         [
C:\Users\_G4rG4m3l_\Documents\GitHub\CMP105\cmp105-coursework-nefastes\Coursework\CMP105App\MainMenu.cpp(30,46): warning C4244:             T=unsigned int
C:\Users\_G4rG4m3l_\Documents\GitHub\CMP105\cmp105-coursework-nefastes\Coursework\CMP105App\MainMenu.cpp(30,46): warning C4244:         ]
C:\Users\_G4rG4m3l_\Documents\GitHub\CMP105\cmp105-coursework-nefastes\Coursework\CMP105App\MainMenu.cpp(31,76): warning C4244: 'argument': conversion from 'T' to 'float', possible loss of data
C:\Users\_G4rG4m3l_\Documents\GitHub\CMP105\cmp105-coursework-nefastes\Coursework\CMP105App\MainMenu.cpp(31,76): warning C4244:         with
C:\Users\_G4rG4m3l_\Documents\GitHub\CMP105\cmp105-coursework-nefastes\Coursework\CMP105App\MainMenu.cpp(31,76): warning C4244:         [
C:\Users\_G4rG4m3l_\Documents\GitHub\CMP105\cmp105-coursework-nefastes\Coursework\CMP105App\MainMenu.cpp(31,76): warning C4244:             T=unsigned int
C:\Users\_G4rG4m3l_\Documents\GitHub\CMP105\cmp105-coursework-nefastes\Coursework\CMP105App\MainMenu.cpp(31,76): warning C4244:         ]
C:\Users\_G4rG4m3l_\Documents\GitHub\CMP105\cmp105-coursework-nefastes\Coursework\CMP105App\MainMenu.cpp(31,47): warning C4244: 'argument': conversion from 'T' to 'float', possible loss of data
C:\Users\_G4rG4m3l_\Documents\GitHub\CMP105\cmp105-coursework-nefastes\Coursework\CMP105App\MainMenu.cpp(31,47): warning C4244:         with
C:\Users\_G4rG4m3l_\Documents\GitHub\CMP105\cmp105-coursework-nefastes\Coursework\CMP105App\MainMenu.cpp(31,47): warning C4244:         [
C:\Users\_G4rG4m3l_\Documents\GitHub\CMP105\cmp105-coursework-nefastes\Coursework\CMP105App\MainMenu.cpp(31,47): warning C4244:             T=unsigned int
C:\Users\_G4rG4m3l_\Documents\GitHub\CMP105\cmp105-coursework-nefastes\Coursework\CMP105App\MainMenu.cpp(31,47): warning C4244:         ]
C:\Users\_G4rG4m3l_\Documents\GitHub\CMP105\cmp105-coursework-nefastes\Coursework\CMP105App\MainMenu.cpp(32,47): warning C4244: 'argument': conversion from 'T' to 'float', possible loss of data
C:\Users\_G4rG4m3l_\Documents\GitHub\CMP105\cmp105-coursework-nefastes\Coursework\CMP105App\MainMenu.cpp(32,47): warning C4244:         with
C:\Users\_G4rG4m3l_\Documents\GitHub\CMP105\cmp105-coursework-nefastes\Coursework\CMP105App\MainMenu.cpp(32,47): warning C4244:         [
C:\Users\_G4rG4m3l_\Documents\GitHub\CMP105\cmp105-coursework-nefastes\Coursework\CMP105App\MainMenu.cpp(32,47): warning C4244:             T=unsigned int
C:\Users\_G4rG4m3l_\Documents\GitHub\CMP105\cmp105-coursework-nefastes\Coursework\CMP105App\MainMenu.cpp(32,47): warning C4244:         ]
C:\Users\_G4rG4m3l_\Documents\GitHub\CMP105\cmp105-coursework-nefastes\Coursework\CMP105App\MainMenu.cpp(33,45): warning C4244: 'argument': conversion from 'T' to 'float', possible loss of data
C:\Users\_G4rG4m3l_\Documents\GitHub\CMP105\cmp105-coursework-nefastes\Coursework\CMP105App\MainMenu.cpp(33,45): warning C4244:         with
C:\Users\_G4rG4m3l_\Documents\GitHub\CMP105\cmp105-coursework-nefastes\Coursework\CMP105App\MainMenu.cpp(33,45): warning C4244:         [
C:\Users\_G4rG4m3l_\Documents\GitHub\CMP105\cmp105-coursework-nefastes\Coursework\CMP105App\MainMenu.cpp(33,45): warning C4244:             T=unsigned int
C:\Users\_G4rG4m3l_\Documents\GitHub\CMP105\cmp105-coursework-nefastes\Coursework\CMP105App\MainMenu.cpp(33,45): warning C4244:         ]
C:\Users\_G4rG4m3l_\Documents\GitHub\CMP105\cmp105-coursework-nefastes\Coursework\CMP105App\MainMenu.cpp(39,70): warning C4244: 'argument': conversion from 'T' to 'float', possible loss of data
C:\Users\_G4rG4m3l_\Documents\GitHub\CMP105\cmp105-coursework-nefastes\Coursework\CMP105App\MainMenu.cpp(39,70): warning C4244:         with
C:\Users\_G4rG4m3l_\Documents\GitHub\CMP105\cmp105-coursework-nefastes\Coursework\CMP105App\MainMenu.cpp(39,70): warning C4244:         [
C:\Users\_G4rG4m3l_\Documents\GitHub\CMP105\cmp105-coursework-nefastes\Coursework\CMP105App\MainMenu.cpp(39,70): warning C4244:             T=unsigned int
C:\Users\_G4rG4m3l_\Documents\GitHub\CMP105\cmp105-coursework-nefastes\Coursework\CMP105App\MainMenu.cpp(39,70): warning C4244:         ]
C:\Users\_G4rG4m3l_\Documents\GitHub\CMP105\cmp105-coursework-nefastes\Coursework\CMP105App\MainMenu.cpp(39,45): warning C4244: 'argument': conversion from 'T' to 'float', possible loss of data
C:\Users\_G4rG4m3l_\Documents\GitHub\CMP105\cmp105-coursework-nefastes\Coursework\CMP105App\MainMenu.cpp(39,45): warning C4244:         with
C:\Users\_G4rG4m3l_\Documents\GitHub\CMP105\cmp105-coursework-nefastes\Coursework\CMP105App\MainMenu.cpp(39,45): warning C4244:         [
C:\Users\_G4rG4m3l_\Documents\GitHub\CMP105\cmp105-coursework-nefastes\Coursework\CMP105App\MainMenu.cpp(39,45): warning C4244:             T=unsigned int
C:\Users\_G4rG4m3l_\Documents\GitHub\CMP105\cmp105-coursework-nefastes\Coursework\CMP105App\MainMenu.cpp(39,45): warning C4244:         ]
C:\Users\_G4rG4m3l_\Documents\GitHub\CMP105\cmp105-coursework-nefastes\Coursework\CMP105App\MainMenu.cpp(60,75): warning C4244: 'argument': conversion from 'T' to 'T', possible loss of data
C:\Users\_G4rG4m3l_\Documents\GitHub\CMP105\cmp105-coursework-nefastes\Coursework\CMP105App\MainMenu.cpp(60,75): warning C4244:         with
C:\Users\_G4rG4m3l_\Documents\GitHub\CMP105\cmp105-coursework-nefastes\Coursework\CMP105App\MainMenu.cpp(60,75): warning C4244:         [
C:\Users\_G4rG4m3l_\Documents\GitHub\CMP105\cmp105-coursework-nefastes\Coursework\CMP105App\MainMenu.cpp(60,75): warning C4244:             T=unsigned int
C:\Users\_G4rG4m3l_\Documents\GitHub\CMP105\cmp105-coursework-nefastes\Coursework\CMP105App\MainMenu.cpp(60,75): warning C4244:         ]
C:\Users\_G4rG4m3l_\Documents\GitHub\CMP105\cmp105-coursework-nefastes\Coursework\CMP105App\MainMenu.cpp(60,75): warning C4244:         and
C:\Users\_G4rG4m3l_\Documents\GitHub\CMP105\cmp105-coursework-nefastes\Coursework\CMP105App\MainMenu.cpp(60,75): warning C4244:         [
C:\Users\_G4rG4m3l_\Documents\GitHub\CMP105\cmp105-coursework-nefastes\Coursework\CMP105App\MainMenu.cpp(60,75): warning C4244:             T=float
C:\Users\_G4rG4m3l_\Documents\GitHub\CMP105\cmp105-coursework-nefastes\Coursework\CMP105App\MainMenu.cpp(60,75): warning C4244:         ]
C:\Users\_G4rG4m3l_\Documents\GitHub\CMP105\cmp105-coursework-nefastes\Coursework\CMP105App\MainMenu.cpp(60,54): warning C4244: 'argument': conversion from 'T' to 'T', possible loss of data
C:\Users\_G4rG4m3l_\Documents\GitHub\CMP105\cmp105-coursework-nefastes\Coursework\CMP105App\MainMenu.cpp(60,54): warning C4244:         with
C:\Users\_G4rG4m3l_\Documents\GitHub\CMP105\cmp105-coursework-nefastes\Coursework\CMP105App\MainMenu.cpp(60,54): warning C4244:         [
C:\Users\_G4rG4m3l_\Documents\GitHub\CMP105\cmp105-coursework-nefastes\Coursework\CMP105App\MainMenu.cpp(60,54): warning C4244:             T=unsigned int
C:\Users\_G4rG4m3l_\Documents\GitHub\CMP105\cmp105-coursework-nefastes\Coursework\CMP105App\MainMenu.cpp(60,54): warning C4244:         ]
C:\Users\_G4rG4m3l_\Documents\GitHub\CMP105\cmp105-coursework-nefastes\Coursework\CMP105App\MainMenu.cpp(60,54): warning C4244:         and
C:\Users\_G4rG4m3l_\Documents\GitHub\CMP105\cmp105-coursework-nefastes\Coursework\CMP105App\MainMenu.cpp(60,54): warning C4244:         [
C:\Users\_G4rG4m3l_\Documents\GitHub\CMP105\cmp105-coursework-nefastes\Coursework\CMP105App\MainMenu.cpp(60,54): warning C4244:             T=float
C:\Users\_G4rG4m3l_\Documents\GitHub\CMP105\cmp105-coursework-nefastes\Coursework\CMP105App\MainMenu.cpp(60,54): warning C4244:         ]
C:\Users\_G4rG4m3l_\Documents\GitHub\CMP105\cmp105-coursework-nefastes\Coursework\CMP105App\MainMenu.cpp(63,75): warning C4244: 'argument': conversion from 'T' to 'T', possible loss of data
C:\Users\_G4rG4m3l_\Documents\GitHub\CMP105\cmp105-coursework-nefastes\Coursework\CMP105App\MainMenu.cpp(63,75): warning C4244:         with
C:\Users\_G4rG4m3l_\Documents\GitHub\CMP105\cmp105-coursework-nefastes\Coursework\CMP105App\MainMenu.cpp(63,75): warning C4244:         [
C:\Users\_G4rG4m3l_\Documents\GitHub\CMP105\cmp105-coursework-nefastes\Coursework\CMP105App\MainMenu.cpp(63,75): warning C4244:             T=unsigned int
C:\Users\_G4rG4m3l_\Documents\GitHub\CMP105\cmp105-coursework-nefastes\Coursework\CMP105App\MainMenu.cpp(63,75): warning C4244:         ]
C:\Users\_G4rG4m3l_\Documents\GitHub\CMP105\cmp105-coursework-nefastes\Coursework\CMP105App\MainMenu.cpp(63,75): warning C4244:         and
C:\Users\_G4rG4m3l_\Documents\GitHub\CMP105\cmp105-coursework-nefastes\Coursework\CMP105App\MainMenu.cpp(63,75): warning C4244:         [
C:\Users\_G4rG4m3l_\Documents\GitHub\CMP105\cmp105-coursework-nefastes\Coursework\CMP105App\MainMenu.cpp(63,75): warning C4244:             T=float
C:\Users\_G4rG4m3l_\Documents\GitHub\CMP105\cmp105-coursework-nefastes\Coursework\CMP105App\MainMenu.cpp(63,75): warning C4244:         ]
C:\Users\_G4rG4m3l_\Documents\GitHub\CMP105\cmp105-coursework-nefastes\Coursework\CMP105App\MainMenu.cpp(63,54): warning C4244: 'argument': conversion from 'T' to 'T', possible loss of data
C:\Users\_G4rG4m3l_\Documents\GitHub\CMP105\cmp105-coursework-nefastes\Coursework\CMP105App\MainMenu.cpp(63,54): warning C4244:         with
C:\Users\_G4rG4m3l_\Documents\GitHub\CMP105\cmp105-coursework-nefastes\Coursework\CMP105App\MainMenu.cpp(63,54): warning C4244:         [
C:\Users\_G4rG4m3l_\Documents\GitHub\CMP105\cmp105-coursework-nefastes\Coursework\CMP105App\MainMenu.cpp(63,54): warning C4244:             T=unsigned int
C:\Users\_G4rG4m3l_\Documents\GitHub\CMP105\cmp105-coursework-nefastes\Coursework\CMP105App\MainMenu.cpp(63,54): warning C4244:         ]
C:\Users\_G4rG4m3l_\Documents\GitHub\CMP105\cmp105-coursework-nefastes\Coursework\CMP105App\MainMenu.cpp(63,54): warning C4244:         and
C:\Users\_G4rG4m3l_\Documents\GitHub\CMP105\cmp105-coursework-nefastes\Coursework\CMP105App\MainMenu.cpp(63,54): warning C4244:         [
C:\Users\_G4rG4m3l_\Documents\GitHub\CMP105\cmp105-coursework-nefastes\Coursework\CMP105App\MainMenu.cpp(63,54): warning C4244:             T=float
C:\Users\_G4rG4m3l_\Documents\GitHub\CMP105\cmp105-coursework-nefastes\Coursework\CMP105App\MainMenu.cpp(63,54): warning C4244:         ]
C:\Users\_G4rG4m3l_\Documents\GitHub\CMP105\cmp105-coursework-nefastes\Coursework\CMP105App\MainMenu.cpp(64,58): warning C4244: 'argument': conversion from 'T' to 'T', possible loss of data
C:\Users\_G4rG4m3l_\Documents\GitHub\CMP105\cmp105-coursework-nefastes\Coursework\CMP105App\MainMenu.cpp(64,58): warning C4244:         with
C:\Users\_G4rG4m3l_\Documents\GitHub\CMP105\cmp105-coursework-nefastes\Coursework\CMP105App\MainMenu.cpp(64,58): warning C4244:         [
C:\Users\_G4rG4m3l_\Documents\GitHub\CMP105\cmp105-coursework-nefastes\Coursework\CMP105App\MainMenu.cpp(64,58): warning C4244:             T=unsigned int
C:\Users\_G4rG4m3l_\Documents\GitHub\CMP105\cmp105-coursework-nefastes\Coursework\CMP105App\MainMenu.cpp(64,58): warning C4244:         ]
C:\Users\_G4rG4m3l_\Documents\GitHub\CMP105\cmp105-coursework-nefastes\Coursework\CMP105App\MainMenu.cpp(64,58): warning C4244:         and
C:\Users\_G4rG4m3l_\Documents\GitHub\CMP105\cmp105-coursework-nefastes\Coursework\CMP105App\MainMenu.cpp(64,58): warning C4244:         [
C:\Users\_G4rG4m3l_\Documents\GitHub\CMP105\cmp105-coursework-nefastes\Coursework\CMP105App\MainMenu.cpp(64,58): warning C4244:             T=float
C:\Users\_G4rG4m3l_\Documents\GitHub\CMP105\cmp105-coursework-nefastes\Coursework\CMP105App\MainMenu.cpp(64,58): warning C4244:         ]
  OptionMenu.cpp
C:\Users\_G4rG4m3l_\Documents\GitHub\CMP105\cmp105-coursework-nefastes\Coursework\CMP105App\MainMenu.cpp(125,59): warning C4244: 'argument': conversion from 'T' to 'T', possible loss of data
C:\Users\_G4rG4m3l_\Documents\GitHub\CMP105\cmp105-coursework-nefastes\Coursework\CMP105App\MainMenu.cpp(125,59): warning C4244:         with
C:\Users\_G4rG4m3l_\Documents\GitHub\CMP105\cmp105-coursework-nefastes\Coursework\CMP105App\MainMenu.cpp(125,59): warning C4244:         [
C:\Users\_G4rG4m3l_\Documents\GitHub\CMP105\cmp105-coursework-nefastes\Coursework\CMP105App\MainMenu.cpp(125,59): warning C4244:             T=unsigned int
C:\Users\_G4rG4m3l_\Documents\GitHub\CMP105\cmp105-coursework-nefastes\Coursework\CMP105App\MainMenu.cpp(125,59): warning C4244:         ]
C:\Users\_G4rG4m3l_\Documents\GitHub\CMP105\cmp105-coursework-nefastes\Coursework\CMP105App\MainMenu.cpp(125,59): warning C4244:         and
C:\Users\_G4rG4m3l_\Documents\GitHub\CMP105\cmp105-coursework-nefastes\Coursework\CMP105App\MainMenu.cpp(125,59): warning C4244:         [
C:\Users\_G4rG4m3l_\Documents\GitHub\CMP105\cmp105-coursework-nefastes\Coursework\CMP105App\MainMenu.cpp(125,59): warning C4244:             T=float
C:\Users\_G4rG4m3l_\Documents\GitHub\CMP105\cmp105-coursework-nefastes\Coursework\CMP105App\MainMenu.cpp(125,59): warning C4244:         ]
C:\Users\_G4rG4m3l_\Documents\GitHub\CMP105\cmp105-coursework-nefastes\Coursework\CMP105App\OptionMenu.cpp(27,88): warning C4244: 'argument': conversion from 'T' to 'T', possible loss of data
C:\Users\_G4rG4m3l_\Documents\GitHub\CMP105\cmp105-coursework-nefastes\Coursework\CMP105App\OptionMenu.cpp(27,88): warning C4244:         with
C:\Users\_G4rG4m3l_\Documents\GitHub\CMP105\cmp105-coursework-nefastes\Coursework\CMP105App\OptionMenu.cpp(27,88): warning C4244:         [
C:\Users\_G4rG4m3l_\Documents\GitHub\CMP105\cmp105-coursework-nefastes\Coursework\CMP105App\OptionMenu.cpp(27,88): warning C4244:             T=unsigned int
C:\Users\_G4rG4m3l_\Documents\GitHub\CMP105\cmp105-coursework-nefastes\Coursework\CMP105App\OptionMenu.cpp(27,88): warning C4244:         ]
C:\Users\_G4rG4m3l_\Documents\GitHub\CMP105\cmp105-coursework-nefastes\Coursework\CMP105App\OptionMenu.cpp(27,88): warning C4244:         and
C:\Users\_G4rG4m3l_\Documents\GitHub\CMP105\cmp105-coursework-nefastes\Coursework\CMP105App\OptionMenu.cpp(27,88): warning C4244:         [
C:\Users\_G4rG4m3l_\Documents\GitHub\CMP105\cmp105-coursework-nefastes\Coursework\CMP105App\OptionMenu.cpp(27,88): warning C4244:             T=float
C:\Users\_G4rG4m3l_\Documents\GitHub\CMP105\cmp105-coursework-nefastes\Coursework\CMP105App\OptionMenu.cpp(27,88): warning C4244:         ]
C:\Users\_G4rG4m3l_\Documents\GitHub\CMP105\cmp105-coursework-nefastes\Coursework\CMP105App\OptionMenu.cpp(27,63): warning C4244: 'argument': conversion from 'T' to 'T', possible loss of data
C:\Users\_G4rG4m3l_\Documents\GitHub\CMP105\cmp105-coursework-nefastes\Coursework\CMP105App\OptionMenu.cpp(27,63): warning C4244:         with
C:\Users\_G4rG4m3l_\Documents\GitHub\CMP105\cmp105-coursework-nefastes\Coursework\CMP105App\OptionMenu.cpp(27,63): warning C4244:         [
C:\Users\_G4rG4m3l_\Documents\GitHub\CMP105\cmp105-coursework-nefastes\Coursework\CMP105App\OptionMenu.cpp(27,63): warning C4244:             T=unsigned int
C:\Users\_G4rG4m3l_\Documents\GitHub\CMP105\cmp105-coursework-nefastes\Coursework\CMP105App\OptionMenu.cpp(27,63): warning C4244:         ]
C:\Users\_G4rG4m3l_\Documents\GitHub\CMP105\cmp105-coursework-nefastes\Coursework\CMP105App\OptionMenu.cpp(27,63): warning C4244:         and
C:\Users\_G4rG4m3l_\Documents\GitHub\CMP105\cmp105-coursework-nefastes\Coursework\CMP105App\OptionMenu.cpp(27,63): warning C4244:         [
C:\Users\_G4rG4m3l_\Documents\GitHub\CMP105\cmp105-coursework-nefastes\Coursework\CMP105App\OptionMenu.cpp(27,63): warning C4244:             T=float
C:\Users\_G4rG4m3l_\Documents\GitHub\CMP105\cmp105-coursework-nefastes\Coursework\CMP105App\OptionMenu.cpp(27,63): warning C4244:         ]
C:\Users\_G4rG4m3l_\Documents\GitHub\CMP105\cmp105-coursework-nefastes\Coursework\CMP105App\OptionMenu.cpp(28,64): warning C4244: 'argument': conversion from 'T' to 'T', possible loss of data
C:\Users\_G4rG4m3l_\Documents\GitHub\CMP105\cmp105-coursework-nefastes\Coursework\CMP105App\OptionMenu.cpp(28,64): warning C4244:         with
C:\Users\_G4rG4m3l_\Documents\GitHub\CMP105\cmp105-coursework-nefastes\Coursework\CMP105App\OptionMenu.cpp(28,64): warning C4244:         [
C:\Users\_G4rG4m3l_\Documents\GitHub\CMP105\cmp105-coursework-nefastes\Coursework\CMP105App\OptionMenu.cpp(28,64): warning C4244:             T=unsigned int
C:\Users\_G4rG4m3l_\Documents\GitHub\CMP105\cmp105-coursework-nefastes\Coursework\CMP105App\OptionMenu.cpp(28,64): warning C4244:         ]
C:\Users\_G4rG4m3l_\Documents\GitHub\CMP105\cmp105-coursework-nefastes\Coursework\CMP105App\OptionMenu.cpp(28,64): warning C4244:         and
C:\Users\_G4rG4m3l_\Documents\GitHub\CMP105\cmp105-coursework-nefastes\Coursework\CMP105App\OptionMenu.cpp(28,64): warning C4244:         [
C:\Users\_G4rG4m3l_\Documents\GitHub\CMP105\cmp105-coursework-nefastes\Coursework\CMP105App\OptionMenu.cpp(28,64): warning C4244:             T=float
C:\Users\_G4rG4m3l_\Documents\GitHub\CMP105\cmp105-coursework-nefastes\Coursework\CMP105App\OptionMenu.cpp(28,64): warning C4244:         ]
C:\Users\_G4rG4m3l_\Documents\GitHub\CMP105\cmp105-coursework-nefastes\Coursework\CMP105App\OptionMenu.cpp(29,65): warning C4244: 'argument': conversion from 'T' to 'T', possible loss of data
C:\Users\_G4rG4m3l_\Documents\GitHub\CMP105\cmp105-coursework-nefastes\Coursework\CMP105App\OptionMenu.cpp(29,65): warning C4244:         with
C:\Users\_G4rG4m3l_\Documents\GitHub\CMP105\cmp105-coursework-nefastes\Coursework\CMP105App\OptionMenu.cpp(29,65): warning C4244:         [
C:\Users\_G4rG4m3l_\Documents\GitHub\CMP105\cmp105-coursework-nefastes\Coursework\CMP105App\OptionMenu.cpp(29,65): warning C4244:             T=unsigned int
C:\Users\_G4rG4m3l_\Documents\GitHub\CMP105\cmp105-coursework-nefastes\Coursework\CMP105App\OptionMenu.cpp(29,65): warning C4244:         ]
C:\Users\_G4rG4m3l_\Documents\GitHub\CMP105\cmp105-coursework-nefastes\Coursework\CMP105App\OptionMenu.cpp(29,65): warning C4244:         and
C:\Users\_G4rG4m3l_\Documents\GitHub\CMP105\cmp105-coursework-nefastes\Coursework\CMP105App\OptionMenu.cpp(29,65): warning C4244:         [
C:\Users\_G4rG4m3l_\Documents\GitHub\CMP105\cmp105-coursework-nefastes\Coursework\CMP105App\OptionMenu.cpp(29,65): warning C4244:             T=float
C:\Users\_G4rG4m3l_\Documents\GitHub\CMP105\cmp105-coursework-nefastes\Coursework\CMP105App\OptionMenu.cpp(29,65): warning C4244:         ]
C:\Users\_G4rG4m3l_\Documents\GitHub\CMP105\cmp105-coursework-nefastes\Coursework\CMP105App\OptionMenu.cpp(30,62): warning C4244: 'argument': conversion from 'T' to 'T', possible loss of data
C:\Users\_G4rG4m3l_\Documents\GitHub\CMP105\cmp105-coursework-nefastes\Coursework\CMP105App\OptionMenu.cpp(30,62): warning C4244:         with
C:\Users\_G4rG4m3l_\Documents\GitHub\CMP105\cmp105-coursework-nefastes\Coursework\CMP105App\OptionMenu.cpp(30,62): warning C4244:         [
C:\Users\_G4rG4m3l_\Documents\GitHub\CMP105\cmp105-coursework-nefastes\Coursework\CMP105App\OptionMenu.cpp(30,62): warning C4244:             T=unsigned int
C:\Users\_G4rG4m3l_\Documents\GitHub\CMP105\cmp105-coursework-nefastes\Coursework\CMP105App\OptionMenu.cpp(30,62): warning C4244:         ]
C:\Users\_G4rG4m3l_\Documents\GitHub\CMP105\cmp105-coursework-nefastes\Coursework\CMP105App\OptionMenu.cpp(30,62): warning C4244:         and
C:\Users\_G4rG4m3l_\Documents\GitHub\CMP105\cmp105-coursework-nefastes\Coursework\CMP105App\OptionMenu.cpp(30,62): warning C4244:         [
C:\Users\_G4rG4m3l_\Documents\GitHub\CMP105\cmp105-coursework-nefastes\Coursework\CMP105App\OptionMenu.cpp(30,62): warning C4244:             T=float
C:\Users\_G4rG4m3l_\Documents\GitHub\CMP105\cmp105-coursework-nefastes\Coursework\CMP105App\OptionMenu.cpp(30,62): warning C4244:         ]
C:\Users\_G4rG4m3l_\Documents\GitHub\CMP105\cmp105-coursework-nefastes\Coursework\CMP105App\OptionMenu.cpp(53,66): warning C4244: 'argument': conversion from 'T' to 'T', possible loss of data
C:\Users\_G4rG4m3l_\Documents\GitHub\CMP105\cmp105-coursework-nefastes\Coursework\CMP105App\OptionMenu.cpp(53,66): warning C4244:         with
C:\Users\_G4rG4m3l_\Documents\GitHub\CMP105\cmp105-coursework-nefastes\Coursework\CMP105App\OptionMenu.cpp(53,66): warning C4244:         [
C:\Users\_G4rG4m3l_\Documents\GitHub\CMP105\cmp105-coursework-nefastes\Coursework\CMP105App\OptionMenu.cpp(53,66): warning C4244:             T=unsigned int
C:\Users\_G4rG4m3l_\Documents\GitHub\CMP105\cmp105-coursework-nefastes\Coursework\CMP105App\OptionMenu.cpp(53,66): warning C4244:         ]
C:\Users\_G4rG4m3l_\Documents\GitHub\CMP105\cmp105-coursework-nefastes\Coursework\CMP105App\OptionMenu.cpp(53,66): warning C4244:         and
C:\Users\_G4rG4m3l_\Documents\GitHub\CMP105\cmp105-coursework-nefastes\Coursework\CMP105App\OptionMenu.cpp(53,66): warning C4244:         [
C:\Users\_G4rG4m3l_\Documents\GitHub\CMP105\cmp105-coursework-nefastes\Coursework\CMP105App\OptionMenu.cpp(53,66): warning C4244:             T=float
C:\Users\_G4rG4m3l_\Documents\GitHub\CMP105\cmp105-coursework-nefastes\Coursework\CMP105App\OptionMenu.cpp(53,66): warning C4244:         ]
C:\Users\_G4rG4m3l_\Documents\GitHub\CMP105\cmp105-coursework-nefastes\Coursework\CMP105App\OptionMenu.cpp(66,63): warning C4244: 'argument': conversion from 'T' to 'T', possible loss of data
C:\Users\_G4rG4m3l_\Documents\GitHub\CMP105\cmp105-coursework-nefastes\Coursework\CMP105App\OptionMenu.cpp(66,63): warning C4244:         with
C:\Users\_G4rG4m3l_\Documents\GitHub\CMP105\cmp105-coursework-nefastes\Coursework\CMP105App\OptionMenu.cpp(66,63): warning C4244:         [
C:\Users\_G4rG4m3l_\Documents\GitHub\CMP105\cmp105-coursework-nefastes\Coursework\CMP105App\OptionMenu.cpp(66,63): warning C4244:             T=unsigned int
C:\Users\_G4rG4m3l_\Documents\GitHub\CMP105\cmp105-coursework-nefastes\Coursework\CMP105App\OptionMenu.cpp(66,63): warning C4244:         ]
C:\Users\_G4rG4m3l_\Documents\GitHub\CMP105\cmp105-coursework-nefastes\Coursework\CMP105App\OptionMenu.cpp(66,63): warning C4244:         and
C:\Users\_G4rG4m3l_\Documents\GitHub\CMP105\cmp105-coursework-nefastes\Coursework\CMP105App\OptionMenu.cpp(66,63): warning C4244:         [
C:\Users\_G4rG4m3l_\Documents\GitHub\CMP105\cmp105-coursework-nefastes\Coursework\CMP105App\OptionMenu.cpp(66,63): warning C4244:             T=float
C:\Users\_G4rG4m3l_\Documents\GitHub\CMP105\cmp105-coursework-nefastes\Coursework\CMP105App\OptionMenu.cpp(66,63): warning C4244:         ]
C:\Users\_G4rG4m3l_\Documents\GitHub\CMP105\cmp105-coursework-nefastes\Coursework\CMP105App\OptionMenu.cpp(67,58): warning C4244: 'argument': conversion from 'T' to 'T', possible loss of data
C:\Users\_G4rG4m3l_\Documents\GitHub\CMP105\cmp105-coursework-nefastes\Coursework\CMP105App\OptionMenu.cpp(67,58): warning C4244:         with
C:\Users\_G4rG4m3l_\Documents\GitHub\CMP105\cmp105-coursework-nefastes\Coursework\CMP105App\OptionMenu.cpp(67,58): warning C4244:         [
C:\Users\_G4rG4m3l_\Documents\GitHub\CMP105\cmp105-coursework-nefastes\Coursework\CMP105App\OptionMenu.cpp(67,58): warning C4244:             T=unsigned int
C:\Users\_G4rG4m3l_\Documents\GitHub\CMP105\cmp105-coursework-nefastes\Coursework\CMP105App\OptionMenu.cpp(67,58): warning C4244:         ]
C:\Users\_G4rG4m3l_\Documents\GitHub\CMP105\cmp105-coursework-nefastes\Coursework\CMP105App\OptionMenu.cpp(67,58): warning C4244:         and
C:\Users\_G4rG4m3l_\Documents\GitHub\CMP105\cmp105-coursework-nefastes\Coursework\CMP105App\OptionMenu.cpp(67,58): warning C4244:         [
C:\Users\_G4rG4m3l_\Documents\GitHub\CMP105\cmp105-coursework-nefastes\Coursework\CMP105App\OptionMenu.cpp(67,58): warning C4244:             T=float
C:\Users\_G4rG4m3l_\Documents\GitHub\CMP105\cmp105-coursework-nefastes\Coursework\CMP105App\OptionMenu.cpp(67,58): warning C4244:         ]
C:\Users\_G4rG4m3l_\Documents\GitHub\CMP105\cmp105-coursework-nefastes\Coursework\CMP105App\OptionMenu.cpp(68,63): warning C4244: 'argument': conversion from 'T' to 'T', possible loss of data
C:\Users\_G4rG4m3l_\Documents\GitHub\CMP105\cmp105-coursework-nefastes\Coursework\CMP105App\OptionMenu.cpp(68,63): warning C4244:         with
C:\Users\_G4rG4m3l_\Documents\GitHub\CMP105\cmp105-coursework-nefastes\Coursework\CMP105App\OptionMenu.cpp(68,63): warning C4244:         [
C:\Users\_G4rG4m3l_\Documents\GitHub\CMP105\cmp105-coursework-nefastes\Coursework\CMP105App\OptionMenu.cpp(68,63): warning C4244:             T=unsigned int
C:\Users\_G4rG4m3l_\Documents\GitHub\CMP105\cmp105-coursework-nefastes\Coursework\CMP105App\OptionMenu.cpp(68,63): warning C4244:         ]
C:\Users\_G4rG4m3l_\Documents\GitHub\CMP105\cmp105-coursework-nefastes\Coursework\CMP105App\OptionMenu.cpp(68,63): warning C4244:         and
C:\Users\_G4rG4m3l_\Documents\GitHub\CMP105\cmp105-coursework-nefastes\Coursework\CMP105App\OptionMenu.cpp(68,63): warning C4244:         [
C:\Users\_G4rG4m3l_\Documents\GitHub\CMP105\cmp105-coursework-nefastes\Coursework\CMP105App\OptionMenu.cpp(68,63): warning C4244:             T=float
C:\Users\_G4rG4m3l_\Documents\GitHub\CMP105\cmp105-coursework-nefastes\Coursework\CMP105App\OptionMenu.cpp(68,63): warning C4244:         ]
C:\Users\_G4rG4m3l_\Documents\GitHub\CMP105\cmp105-coursework-nefastes\Coursework\CMP105App\OptionMenu.cpp(71,75): warning C4244: 'argument': conversion from 'T' to 'T', possible loss of data
C:\Users\_G4rG4m3l_\Documents\GitHub\CMP105\cmp105-coursework-nefastes\Coursework\CMP105App\OptionMenu.cpp(71,75): warning C4244:         with
C:\Users\_G4rG4m3l_\Documents\GitHub\CMP105\cmp105-coursework-nefastes\Coursework\CMP105App\OptionMenu.cpp(71,75): warning C4244:         [
C:\Users\_G4rG4m3l_\Documents\GitHub\CMP105\cmp105-coursework-nefastes\Coursework\CMP105App\OptionMenu.cpp(71,75): warning C4244:             T=unsigned int
C:\Users\_G4rG4m3l_\Documents\GitHub\CMP105\cmp105-coursework-nefastes\Coursework\CMP105App\OptionMenu.cpp(71,75): warning C4244:         ]
C:\Users\_G4rG4m3l_\Documents\GitHub\CMP105\cmp105-coursework-nefastes\Coursework\CMP105App\OptionMenu.cpp(71,75): warning C4244:         and
C:\Users\_G4rG4m3l_\Documents\GitHub\CMP105\cmp105-coursework-nefastes\Coursework\CMP105App\OptionMenu.cpp(71,75): warning C4244:         [
C:\Users\_G4rG4m3l_\Documents\GitHub\CMP105\cmp105-coursework-nefastes\Coursework\CMP105App\OptionMenu.cpp(71,75): warning C4244:             T=float
C:\Users\_G4rG4m3l_\Documents\GitHub\CMP105\cmp105-coursework-nefastes\Coursework\CMP105App\OptionMenu.cpp(71,75): warning C4244:         ]
C:\Users\_G4rG4m3l_\Documents\GitHub\CMP105\cmp105-coursework-nefastes\Coursework\CMP105App\OptionMenu.cpp(80,72): warning C4244: 'argument': conversion from 'T' to 'T', possible loss of data
C:\Users\_G4rG4m3l_\Documents\GitHub\CMP105\cmp105-coursework-nefastes\Coursework\CMP105App\OptionMenu.cpp(80,72): warning C4244:         with
C:\Users\_G4rG4m3l_\Documents\GitHub\CMP105\cmp105-coursework-nefastes\Coursework\CMP105App\OptionMenu.cpp(80,72): warning C4244:         [
C:\Users\_G4rG4m3l_\Documents\GitHub\CMP105\cmp105-coursework-nefastes\Coursework\CMP105App\OptionMenu.cpp(80,72): warning C4244:             T=unsigned int
C:\Users\_G4rG4m3l_\Documents\GitHub\CMP105\cmp105-coursework-nefastes\Coursework\CMP105App\OptionMenu.cpp(80,72): warning C4244:         ]
C:\Users\_G4rG4m3l_\Documents\GitHub\CMP105\cmp105-coursework-nefastes\Coursework\CMP105App\OptionMenu.cpp(80,72): warning C4244:         and
C:\Users\_G4rG4m3l_\Documents\GitHub\CMP105\cmp105-coursework-nefastes\Coursework\CMP105App\OptionMenu.cpp(80,72): warning C4244:         [
C:\Users\_G4rG4m3l_\Documents\GitHub\CMP105\cmp105-coursework-nefastes\Coursework\CMP105App\OptionMenu.cpp(80,72): warning C4244:             T=float
C:\Users\_G4rG4m3l_\Documents\GitHub\CMP105\cmp105-coursework-nefastes\Coursework\CMP105App\OptionMenu.cpp(80,72): warning C4244:         ]
C:\Users\_G4rG4m3l_\Documents\GitHub\CMP105\cmp105-coursework-nefastes\Coursework\CMP105App\OptionMenu.cpp(80,51): warning C4244: 'argument': conversion from 'T' to 'T', possible loss of data
C:\Users\_G4rG4m3l_\Documents\GitHub\CMP105\cmp105-coursework-nefastes\Coursework\CMP105App\OptionMenu.cpp(80,51): warning C4244:         with
C:\Users\_G4rG4m3l_\Documents\GitHub\CMP105\cmp105-coursework-nefastes\Coursework\CMP105App\OptionMenu.cpp(80,51): warning C4244:         [
C:\Users\_G4rG4m3l_\Documents\GitHub\CMP105\cmp105-coursework-nefastes\Coursework\CMP105App\OptionMenu.cpp(80,51): warning C4244:             T=unsigned int
C:\Users\_G4rG4m3l_\Documents\GitHub\CMP105\cmp105-coursework-nefastes\Coursework\CMP105App\OptionMenu.cpp(80,51): warning C4244:         ]
C:\Users\_G4rG4m3l_\Documents\GitHub\CMP105\cmp105-coursework-nefastes\Coursework\CMP105App\OptionMenu.cpp(80,51): warning C4244:         and
C:\Users\_G4rG4m3l_\Documents\GitHub\CMP105\cmp105-coursework-nefastes\Coursework\CMP105App\OptionMenu.cpp(80,51): warning C4244:         [
C:\Users\_G4rG4m3l_\Documents\GitHub\CMP105\cmp105-coursework-nefastes\Coursework\CMP105App\OptionMenu.cpp(80,51): warning C4244:             T=float
C:\Users\_G4rG4m3l_\Documents\GitHub\CMP105\cmp105-coursework-nefastes\Coursework\CMP105App\OptionMenu.cpp(80,51): warning C4244:         ]
C:\Users\_G4rG4m3l_\Documents\GitHub\CMP105\cmp105-coursework-nefastes\Coursework\CMP105App\OptionMenu.cpp(110,81): warning C4244: 'argument': conversion from 'T' to 'float', possible loss of data
C:\Users\_G4rG4m3l_\Documents\GitHub\CMP105\cmp105-coursework-nefastes\Coursework\CMP105App\OptionMenu.cpp(110,81): warning C4244:         with
C:\Users\_G4rG4m3l_\Documents\GitHub\CMP105\cmp105-coursework-nefastes\Coursework\CMP105App\OptionMenu.cpp(110,81): warning C4244:         [
C:\Users\_G4rG4m3l_\Documents\GitHub\CMP105\cmp105-coursework-nefastes\Coursework\CMP105App\OptionMenu.cpp(110,81): warning C4244:             T=unsigned int
C:\Users\_G4rG4m3l_\Documents\GitHub\CMP105\cmp105-coursework-nefastes\Coursework\CMP105App\OptionMenu.cpp(110,81): warning C4244:         ]
C:\Users\_G4rG4m3l_\Documents\GitHub\CMP105\cmp105-coursework-nefastes\Coursework\CMP105App\OptionMenu.cpp(110,56): warning C4244: 'argument': conversion from 'T' to 'float', possible loss of data
C:\Users\_G4rG4m3l_\Documents\GitHub\CMP105\cmp105-coursework-nefastes\Coursework\CMP105App\OptionMenu.cpp(110,56): warning C4244:         with
C:\Users\_G4rG4m3l_\Documents\GitHub\CMP105\cmp105-coursework-nefastes\Coursework\CMP105App\OptionMenu.cpp(110,56): warning C4244:         [
C:\Users\_G4rG4m3l_\Documents\GitHub\CMP105\cmp105-coursework-nefastes\Coursework\CMP105App\OptionMenu.cpp(110,56): warning C4244:             T=unsigned int
C:\Users\_G4rG4m3l_\Documents\GitHub\CMP105\cmp105-coursework-nefastes\Coursework\CMP105App\OptionMenu.cpp(110,56): warning C4244:         ]
C:\Users\_G4rG4m3l_\Documents\GitHub\CMP105\cmp105-coursework-nefastes\Coursework\CMP105App\OptionMenu.cpp(114,57): warning C4244: 'argument': conversion from 'T' to 'float', possible loss of data
C:\Users\_G4rG4m3l_\Documents\GitHub\CMP105\cmp105-coursework-nefastes\Coursework\CMP105App\OptionMenu.cpp(114,57): warning C4244:         with
C:\Users\_G4rG4m3l_\Documents\GitHub\CMP105\cmp105-coursework-nefastes\Coursework\CMP105App\OptionMenu.cpp(114,57): warning C4244:         [
C:\Users\_G4rG4m3l_\Documents\GitHub\CMP105\cmp105-coursework-nefastes\Coursework\CMP105App\OptionMenu.cpp(114,57): warning C4244:             T=unsigned int
C:\Users\_G4rG4m3l_\Documents\GitHub\CMP105\cmp105-coursework-nefastes\Coursework\CMP105App\OptionMenu.cpp(114,57): warning C4244:         ]
  PauseHud.cpp
  Player.cpp
C:\Users\_G4rG4m3l_\Documents\GitHub\CMP105\cmp105-coursework-nefastes\Coursework\CMP105App\OptionMenu.cpp(274,31): warning C4244: 'argument': conversion from 'unsigned int' to 'float', possible loss of data
  Sciman.cpp
  StageMenu.cpp
C:\Users\_G4rG4m3l_\Documents\GitHub\CMP105\cmp105-coursework-nefastes\Coursework\CMP105App\Player.cpp(33,16): warning C4244: '=': conversion from 'double' to 'float', possible loss of data
C:\Users\_G4rG4m3l_\Documents\GitHub\CMP105\cmp105-coursework-nefastes\Coursework\CMP105App\StageMenu.cpp(19,72): warning C4244: 'argument': conversion from 'T' to 'T', possible loss of data
C:\Users\_G4rG4m3l_\Documents\GitHub\CMP105\cmp105-coursework-nefastes\Coursework\CMP105App\StageMenu.cpp(19,72): warning C4244:         with
C:\Users\_G4rG4m3l_\Documents\GitHub\CMP105\cmp105-coursework-nefastes\Coursework\CMP105App\StageMenu.cpp(19,72): warning C4244:         [
C:\Users\_G4rG4m3l_\Documents\GitHub\CMP105\cmp105-coursework-nefastes\Coursework\CMP105App\StageMenu.cpp(19,72): warning C4244:             T=unsigned int
C:\Users\_G4rG4m3l_\Documents\GitHub\CMP105\cmp105-coursework-nefastes\Coursework\CMP105App\StageMenu.cpp(19,72): warning C4244:         ]
C:\Users\_G4rG4m3l_\Documents\GitHub\CMP105\cmp105-coursework-nefastes\Coursework\CMP105App\StageMenu.cpp(19,72): warning C4244:         and
C:\Users\_G4rG4m3l_\Documents\GitHub\CMP105\cmp105-coursework-nefastes\Coursework\CMP105App\StageMenu.cpp(19,72): warning C4244:         [
C:\Users\_G4rG4m3l_\Documents\GitHub\CMP105\cmp105-coursework-nefastes\Coursework\CMP105App\StageMenu.cpp(19,72): warning C4244:             T=float
C:\Users\_G4rG4m3l_\Documents\GitHub\CMP105\cmp105-coursework-nefastes\Coursework\CMP105App\StageMenu.cpp(19,72): warning C4244:         ]
C:\Users\_G4rG4m3l_\Documents\GitHub\CMP105\cmp105-coursework-nefastes\Coursework\CMP105App\StageMenu.cpp(19,51): warning C4244: 'argument': conversion from 'T' to 'T', possible loss of data
C:\Users\_G4rG4m3l_\Documents\GitHub\CMP105\cmp105-coursework-nefastes\Coursework\CMP105App\StageMenu.cpp(19,51): warning C4244:         with
C:\Users\_G4rG4m3l_\Documents\GitHub\CMP105\cmp105-coursework-nefastes\Coursework\CMP105App\StageMenu.cpp(19,51): warning C4244:         [
C:\Users\_G4rG4m3l_\Documents\GitHub\CMP105\cmp105-coursework-nefastes\Coursework\CMP105App\StageMenu.cpp(19,51): warning C4244:             T=unsigned int
C:\Users\_G4rG4m3l_\Documents\GitHub\CMP105\cmp105-coursework-nefastes\Coursework\CMP105App\StageMenu.cpp(19,51): warning C4244:         ]
C:\Users\_G4rG4m3l_\Documents\GitHub\CMP105\cmp105-coursework-nefastes\Coursework\CMP105App\StageMenu.cpp(19,51): warning C4244:         and
C:\Users\_G4rG4m3l_\Documents\GitHub\CMP105\cmp105-coursework-nefastes\Coursework\CMP105App\StageMenu.cpp(19,51): warning C4244:         [
C:\Users\_G4rG4m3l_\Documents\GitHub\CMP105\cmp105-coursework-nefastes\Coursework\CMP105App\StageMenu.cpp(19,51): warning C4244:             T=float
C:\Users\_G4rG4m3l_\Documents\GitHub\CMP105\cmp105-coursework-nefastes\Coursework\CMP105App\StageMenu.cpp(19,51): warning C4244:         ]
C:\Users\_G4rG4m3l_\Documents\GitHub\CMP105\cmp105-coursework-nefastes\Coursework\CMP105App\StageMenu.cpp(21,49): warning C4244: 'argument': conversion from 'T' to 'T', possible loss of data
C:\Users\_G4rG4m3l_\Documents\GitHub\CMP105\cmp105-coursework-nefastes\Coursework\CMP105App\StageMenu.cpp(21,49): warning C4244:         with
C:\Users\_G4rG4m3l_\Documents\GitHub\CMP105\cmp105-coursework-nefastes\Coursework\CMP105App\StageMenu.cpp(21,49): warning C4244:         [
C:\Users\_G4rG4m3l_\Documents\GitHub\CMP105\cmp105-coursework-nefastes\Coursework\CMP105App\StageMenu.cpp(21,49): warning C4244:             T=unsigned int
C:\Users\_G4rG4m3l_\Documents\GitHub\CMP105\cmp105-coursework-nefastes\Coursework\CMP105App\StageMenu.cpp(21,49): warning C4244:         ]
C:\Users\_G4rG4m3l_\Documents\GitHub\CMP105\cmp105-coursework-nefastes\Coursework\CMP105App\StageMenu.cpp(21,49): warning C4244:         and
C:\Users\_G4rG4m3l_\Documents\GitHub\CMP105\cmp105-coursework-nefastes\Coursework\CMP105App\StageMenu.cpp(21,49): warning C4244:         [
C:\Users\_G4rG4m3l_\Documents\GitHub\CMP105\cmp105-coursework-nefastes\Coursework\CMP105App\StageMenu.cpp(21,49): warning C4244:             T=float
C:\Users\_G4rG4m3l_\Documents\GitHub\CMP105\cmp105-coursework-nefastes\Coursework\CMP105App\StageMenu.cpp(21,49): warning C4244:         ]
C:\Users\_G4rG4m3l_\Documents\GitHub\CMP105\cmp105-coursework-nefastes\Coursework\CMP105App\StageMenu.cpp(35,81): warning C4244: 'argument': conversion from 'T' to 'float', possible loss of data
C:\Users\_G4rG4m3l_\Documents\GitHub\CMP105\cmp105-coursework-nefastes\Coursework\CMP105App\StageMenu.cpp(35,81): warning C4244:         with
C:\Users\_G4rG4m3l_\Documents\GitHub\CMP105\cmp105-coursework-nefastes\Coursework\CMP105App\StageMenu.cpp(35,81): warning C4244:         [
C:\Users\_G4rG4m3l_\Documents\GitHub\CMP105\cmp105-coursework-nefastes\Coursework\CMP105App\StageMenu.cpp(35,81): warning C4244:             T=unsigned int
C:\Users\_G4rG4m3l_\Documents\GitHub\CMP105\cmp105-coursework-nefastes\Coursework\CMP105App\StageMenu.cpp(35,81): warning C4244:         ]
C:\Users\_G4rG4m3l_\Documents\GitHub\CMP105\cmp105-coursework-nefastes\Coursework\CMP105App\StageMenu.cpp(35,56): warning C4244: 'argument': conversion from 'T' to 'float', possible loss of data
C:\Users\_G4rG4m3l_\Documents\GitHub\CMP105\cmp105-coursework-nefastes\Coursework\CMP105App\StageMenu.cpp(35,56): warning C4244:         with
C:\Users\_G4rG4m3l_\Documents\GitHub\CMP105\cmp105-coursework-nefastes\Coursework\CMP105App\StageMenu.cpp(35,56): warning C4244:         [
C:\Users\_G4rG4m3l_\Documents\GitHub\CMP105\cmp105-coursework-nefastes\Coursework\CMP105App\StageMenu.cpp(35,56): warning C4244:             T=unsigned int
C:\Users\_G4rG4m3l_\Documents\GitHub\CMP105\cmp105-coursework-nefastes\Coursework\CMP105App\StageMenu.cpp(35,56): warning C4244:         ]
C:\Users\_G4rG4m3l_\Documents\GitHub\CMP105\cmp105-coursework-nefastes\Coursework\CMP105App\StageMenu.cpp(36,81): warning C4244: 'argument': conversion from 'T' to 'float', possible loss of data
C:\Users\_G4rG4m3l_\Documents\GitHub\CMP105\cmp105-coursework-nefastes\Coursework\CMP105App\StageMenu.cpp(36,81): warning C4244:         with
C:\Users\_G4rG4m3l_\Documents\GitHub\CMP105\cmp105-coursework-nefastes\Coursework\CMP105App\StageMenu.cpp(36,81): warning C4244:         [
C:\Users\_G4rG4m3l_\Documents\GitHub\CMP105\cmp105-coursework-nefastes\Coursework\CMP105App\StageMenu.cpp(36,81): warning C4244:             T=unsigned int
C:\Users\_G4rG4m3l_\Documents\GitHub\CMP105\cmp105-coursework-nefastes\Coursework\CMP105App\StageMenu.cpp(36,81): warning C4244:         ]
C:\Users\_G4rG4m3l_\Documents\GitHub\CMP105\cmp105-coursework-nefastes\Coursework\CMP105App\StageMenu.cpp(36,56): warning C4244: 'argument': conversion from 'T' to 'float', possible loss of data
C:\Users\_G4rG4m3l_\Documents\GitHub\CMP105\cmp105-coursework-nefastes\Coursework\CMP105App\StageMenu.cpp(36,56): warning C4244:         with
C:\Users\_G4rG4m3l_\Documents\GitHub\CMP105\cmp105-coursework-nefastes\Coursework\CMP105App\StageMenu.cpp(36,56): warning C4244:         [
C:\Users\_G4rG4m3l_\Documents\GitHub\CMP105\cmp105-coursework-nefastes\Coursework\CMP105App\StageMenu.cpp(36,56): warning C4244:             T=unsigned int
C:\Users\_G4rG4m3l_\Documents\GitHub\CMP105\cmp105-coursework-nefastes\Coursework\CMP105App\StageMenu.cpp(36,56): warning C4244:         ]
C:\Users\_G4rG4m3l_\Documents\GitHub\CMP105\cmp105-coursework-nefastes\Coursework\CMP105App\StageMenu.cpp(37,85): warning C4244: 'argument': conversion from 'T' to 'float', possible loss of data
C:\Users\_G4rG4m3l_\Documents\GitHub\CMP105\cmp105-coursework-nefastes\Coursework\CMP105App\StageMenu.cpp(37,85): warning C4244:         with
C:\Users\_G4rG4m3l_\Documents\GitHub\CMP105\cmp105-coursework-nefastes\Coursework\CMP105App\StageMenu.cpp(37,85): warning C4244:         [
C:\Users\_G4rG4m3l_\Documents\GitHub\CMP105\cmp105-coursework-nefastes\Coursework\CMP105App\StageMenu.cpp(37,85): warning C4244:             T=unsigned int
C:\Users\_G4rG4m3l_\Documents\GitHub\CMP105\cmp105-coursework-nefastes\Coursework\CMP105App\StageMenu.cpp(37,85): warning C4244:         ]
C:\Users\_G4rG4m3l_\Documents\GitHub\CMP105\cmp105-coursework-nefastes\Coursework\CMP105App\StageMenu.cpp(37,56): warning C4244: 'argument': conversion from 'T' to 'float', possible loss of data
C:\Users\_G4rG4m3l_\Documents\GitHub\CMP105\cmp105-coursework-nefastes\Coursework\CMP105App\StageMenu.cpp(37,56): warning C4244:         with
C:\Users\_G4rG4m3l_\Documents\GitHub\CMP105\cmp105-coursework-nefastes\Coursework\CMP105App\StageMenu.cpp(37,56): warning C4244:         [
C:\Users\_G4rG4m3l_\Documents\GitHub\CMP105\cmp105-coursework-nefastes\Coursework\CMP105App\StageMenu.cpp(37,56): warning C4244:             T=unsigned int
C:\Users\_G4rG4m3l_\Documents\GitHub\CMP105\cmp105-coursework-nefastes\Coursework\CMP105App\StageMenu.cpp(37,56): warning C4244:         ]
C:\Users\_G4rG4m3l_\Documents\GitHub\CMP105\cmp105-coursework-nefastes\Coursework\CMP105App\StageMenu.cpp(38,85): warning C4244: 'argument': conversion from 'T' to 'float', possible loss of data
C:\Users\_G4rG4m3l_\Documents\GitHub\CMP105\cmp105-coursework-nefastes\Coursework\CMP105App\StageMenu.cpp(38,85): warning C4244:         with
C:\Users\_G4rG4m3l_\Documents\GitHub\CMP105\cmp105-coursework-nefastes\Coursework\CMP105App\StageMenu.cpp(38,85): warning C4244:         [
C:\Users\_G4rG4m3l_\Documents\GitHub\CMP105\cmp105-coursework-nefastes\Coursework\CMP105App\StageMenu.cpp(38,85): warning C4244:             T=unsigned int
C:\Users\_G4rG4m3l_\Documents\GitHub\CMP105\cmp105-coursework-nefastes\Coursework\CMP105App\StageMenu.cpp(38,85): warning C4244:         ]
C:\Users\_G4rG4m3l_\Documents\GitHub\CMP105\cmp105-coursework-nefastes\Coursework\CMP105App\StageMenu.cpp(38,56): warning C4244: 'argument': conversion from 'T' to 'float', possible loss of data
C:\Users\_G4rG4m3l_\Documents\GitHub\CMP105\cmp105-coursework-nefastes\Coursework\CMP105App\StageMenu.cpp(38,56): warning C4244:         with
C:\Users\_G4rG4m3l_\Documents\GitHub\CMP105\cmp105-coursework-nefastes\Coursework\CMP105App\StageMenu.cpp(38,56): warning C4244:         [
C:\Users\_G4rG4m3l_\Documents\GitHub\CMP105\cmp105-coursework-nefastes\Coursework\CMP105App\StageMenu.cpp(38,56): warning C4244:             T=unsigned int
C:\Users\_G4rG4m3l_\Documents\GitHub\CMP105\cmp105-coursework-nefastes\Coursework\CMP105App\StageMenu.cpp(38,56): warning C4244:         ]
C:\Users\_G4rG4m3l_\Documents\GitHub\CMP105\cmp105-coursework-nefastes\Coursework\CMP105App\StageMenu.cpp(39,85): warning C4244: 'argument': conversion from 'T' to 'float', possible loss of data
C:\Users\_G4rG4m3l_\Documents\GitHub\CMP105\cmp105-coursework-nefastes\Coursework\CMP105App\StageMenu.cpp(39,85): warning C4244:         with
C:\Users\_G4rG4m3l_\Documents\GitHub\CMP105\cmp105-coursework-nefastes\Coursework\CMP105App\StageMenu.cpp(39,85): warning C4244:         [
C:\Users\_G4rG4m3l_\Documents\GitHub\CMP105\cmp105-coursework-nefastes\Coursework\CMP105App\StageMenu.cpp(39,85): warning C4244:             T=unsigned int
C:\Users\_G4rG4m3l_\Documents\GitHub\CMP105\cmp105-coursework-nefastes\Coursework\CMP105App\StageMenu.cpp(39,85): warning C4244:         ]
C:\Users\_G4rG4m3l_\Documents\GitHub\CMP105\cmp105-coursework-nefastes\Coursework\CMP105App\StageMenu.cpp(39,56): warning C4244: 'argument': conversion from 'T' to 'float', possible loss of data
C:\Users\_G4rG4m3l_\Documents\GitHub\CMP105\cmp105-coursework-nefastes\Coursework\CMP105App\StageMenu.cpp(39,56): warning C4244:         with
C:\Users\_G4rG4m3l_\Documents\GitHub\CMP105\cmp105-coursework-nefastes\Coursework\CMP105App\StageMenu.cpp(39,56): warning C4244:         [
C:\Users\_G4rG4m3l_\Documents\GitHub\CMP105\cmp105-coursework-nefastes\Coursework\CMP105App\StageMenu.cpp(39,56): warning C4244:             T=unsigned int
C:\Users\_G4rG4m3l_\Documents\GitHub\CMP105\cmp105-coursework-nefastes\Coursework\CMP105App\StageMenu.cpp(39,56): warning C4244:         ]
C:\Users\_G4rG4m3l_\Documents\GitHub\CMP105\cmp105-coursework-nefastes\Coursework\CMP105App\StageMenu.cpp(40,85): warning C4244: 'argument': conversion from 'T' to 'float', possible loss of data
C:\Users\_G4rG4m3l_\Documents\GitHub\CMP105\cmp105-coursework-nefastes\Coursework\CMP105App\StageMenu.cpp(40,85): warning C4244:         with
C:\Users\_G4rG4m3l_\Documents\GitHub\CMP105\cmp105-coursework-nefastes\Coursework\CMP105App\StageMenu.cpp(40,85): warning C4244:         [
C:\Users\_G4rG4m3l_\Documents\GitHub\CMP105\cmp105-coursework-nefastes\Coursework\CMP105App\StageMenu.cpp(40,85): warning C4244:             T=unsigned int
C:\Users\_G4rG4m3l_\Documents\GitHub\CMP105\cmp105-coursework-nefastes\Coursework\CMP105App\StageMenu.cpp(40,85): warning C4244:         ]
  Suzy.cpp
  SuzyManager.cpp
  TileManager.cpp
  Tutorial.cpp
C:\Users\_G4rG4m3l_\Documents\GitHub\CMP105\cmp105-coursework-nefastes\Coursework\CMP105App\StageMenu.cpp(40,56): warning C4244: 'argument': conversion from 'T' to 'float', possible loss of data
C:\Users\_G4rG4m3l_\Documents\GitHub\CMP105\cmp105-coursework-nefastes\Coursework\CMP105App\StageMenu.cpp(40,56): warning C4244:         with
C:\Users\_G4rG4m3l_\Documents\GitHub\CMP105\cmp105-coursework-nefastes\Coursework\CMP105App\StageMenu.cpp(40,56): warning C4244:         [
C:\Users\_G4rG4m3l_\Documents\GitHub\CMP105\cmp105-coursework-nefastes\Coursework\CMP105App\StageMenu.cpp(40,56): warning C4244:             T=unsigned int
C:\Users\_G4rG4m3l_\Documents\GitHub\CMP105\cmp105-coursework-nefastes\Coursework\CMP105App\StageMenu.cpp(40,56): warning C4244:         ]
C:\Users\_G4rG4m3l_\Documents\GitHub\CMP105\cmp105-coursework-nefastes\Coursework\CMP105App\Tutorial.cpp(49,69): warning C4244: 'argument': conversion from 'T' to 'float', possible loss of data
C:\Users\_G4rG4m3l_\Documents\GitHub\CMP105\cmp105-coursework-nefastes\Coursework\CMP105App\Tutorial.cpp(49,69): warning C4244:         with
C:\Users\_G4rG4m3l_\Documents\GitHub\CMP105\cmp105-coursework-nefastes\Coursework\CMP105App\Tutorial.cpp(49,69): warning C4244:         [
C:\Users\_G4rG4m3l_\Documents\GitHub\CMP105\cmp105-coursework-nefastes\Coursework\CMP105App\Tutorial.cpp(49,69): warning C4244:             T=unsigned int
C:\Users\_G4rG4m3l_\Documents\GitHub\CMP105\cmp105-coursework-nefastes\Coursework\CMP105App\Tutorial.cpp(49,69): warning C4244:         ]
C:\Users\_G4rG4m3l_\Documents\GitHub\CMP105\cmp105-coursework-nefastes\Coursework\CMP105App\Tutorial.cpp(49,44): warning C4244: 'argument': conversion from 'T' to 'float', possible loss of data
C:\Users\_G4rG4m3l_\Documents\GitHub\CMP105\cmp105-coursework-nefastes\Coursework\CMP105App\Tutorial.cpp(49,44): warning C4244:         with
C:\Users\_G4rG4m3l_\Documents\GitHub\CMP105\cmp105-coursework-nefastes\Coursework\CMP105App\Tutorial.cpp(49,44): warning C4244:         [
C:\Users\_G4rG4m3l_\Documents\GitHub\CMP105\cmp105-coursework-nefastes\Coursework\CMP105App\Tutorial.cpp(49,44): warning C4244:             T=unsigned int
C:\Users\_G4rG4m3l_\Documents\GitHub\CMP105\cmp105-coursework-nefastes\Coursework\CMP105App\Tutorial.cpp(49,44): warning C4244:         ]
C:\Users\_G4rG4m3l_\Documents\GitHub\CMP105\cmp105-coursework-nefastes\Coursework\CMP105App\Tutorial.cpp(167,30): warning C4244: 'argument': conversion from 'int' to 'T', possible loss of data
C:\Users\_G4rG4m3l_\Documents\GitHub\CMP105\cmp105-coursework-nefastes\Coursework\CMP105App\Tutorial.cpp(167,30): warning C4244:         with
C:\Users\_G4rG4m3l_\Documents\GitHub\CMP105\cmp105-coursework-nefastes\Coursework\CMP105App\Tutorial.cpp(167,30): warning C4244:         [
C:\Users\_G4rG4m3l_\Documents\GitHub\CMP105\cmp105-coursework-nefastes\Coursework\CMP105App\Tutorial.cpp(167,30): warning C4244:             T=float
C:\Users\_G4rG4m3l_\Documents\GitHub\CMP105\cmp105-coursework-nefastes\Coursework\CMP105App\Tutorial.cpp(167,30): warning C4244:         ]
C:\Users\_G4rG4m3l_\Documents\GitHub\CMP105\cmp105-coursework-nefastes\Coursework\CMP105App\Tutorial.cpp(166,96): warning C4244: 'argument': conversion from 'int' to 'T', possible loss of data
C:\Users\_G4rG4m3l_\Documents\GitHub\CMP105\cmp105-coursework-nefastes\Coursework\CMP105App\Tutorial.cpp(166,96): warning C4244:         with
C:\Users\_G4rG4m3l_\Documents\GitHub\CMP105\cmp105-coursework-nefastes\Coursework\CMP105App\Tutorial.cpp(166,96): warning C4244:         [
C:\Users\_G4rG4m3l_\Documents\GitHub\CMP105\cmp105-coursework-nefastes\Coursework\CMP105App\Tutorial.cpp(166,96): warning C4244:             T=float
C:\Users\_G4rG4m3l_\Documents\GitHub\CMP105\cmp105-coursework-nefastes\Coursework\CMP105App\Tutorial.cpp(166,96): warning C4244:         ]
C:\Users\_G4rG4m3l_\Documents\GitHub\CMP105\cmp105-coursework-nefastes\Coursework\CMP105App\Tutorial.cpp(179,31): warning C4244: 'argument': conversion from 'int' to 'T', possible loss of data
C:\Users\_G4rG4m3l_\Documents\GitHub\CMP105\cmp105-coursework-nefastes\Coursework\CMP105App\Tutorial.cpp(179,31): warning C4244:         with
C:\Users\_G4rG4m3l_\Documents\GitHub\CMP105\cmp105-coursework-nefastes\Coursework\CMP105App\Tutorial.cpp(179,31): warning C4244:         [
C:\Users\_G4rG4m3l_\Documents\GitHub\CMP105\cmp105-coursework-nefastes\Coursework\CMP105App\Tutorial.cpp(179,31): warning C4244:             T=float
C:\Users\_G4rG4m3l_\Documents\GitHub\CMP105\cmp105-coursework-nefastes\Coursework\CMP105App\Tutorial.cpp(179,31): warning C4244:         ]
C:\Users\_G4rG4m3l_\Documents\GitHub\CMP105\cmp105-coursework-nefastes\Coursework\CMP105App\Tutorial.cpp(178,54): warning C4244: 'argument': conversion from 'int' to 'T', possible loss of data
C:\Users\_G4rG4m3l_\Documents\GitHub\CMP105\cmp105-coursework-nefastes\Coursework\CMP105App\Tutorial.cpp(178,54): warning C4244:         with
C:\Users\_G4rG4m3l_\Documents\GitHub\CMP105\cmp105-coursework-nefastes\Coursework\CMP105App\Tutorial.cpp(178,54): warning C4244:         [
C:\Users\_G4rG4m3l_\Documents\GitHub\CMP105\cmp105-coursework-nefastes\Coursework\CMP105App\Tutorial.cpp(178,54): warning C4244:             T=float
C:\Users\_G4rG4m3l_\Documents\GitHub\CMP105\cmp105-coursework-nefastes\Coursework\CMP105App\Tutorial.cpp(178,54): warning C4244:         ]
C:\Users\_G4rG4m3l_\Documents\GitHub\CMP105\cmp105-coursework-nefastes\Coursework\CMP105App\Tutorial.cpp(197,43): warning C4244: 'argument': conversion from 'int' to 'T', possible loss of data
C:\Users\_G4rG4m3l_\Documents\GitHub\CMP105\cmp105-coursework-nefastes\Coursework\CMP105App\Tutorial.cpp(197,43): warning C4244:         with
C:\Users\_G4rG4m3l_\Documents\GitHub\CMP105\cmp105-coursework-nefastes\Coursework\CMP105App\Tutorial.cpp(197,43): warning C4244:         [
C:\Users\_G4rG4m3l_\Documents\GitHub\CMP105\cmp105-coursework-nefastes\Coursework\CMP105App\Tutorial.cpp(197,43): warning C4244:             T=float
C:\Users\_G4rG4m3l_\Documents\GitHub\CMP105\cmp105-coursework-nefastes\Coursework\CMP105App\Tutorial.cpp(197,43): warning C4244:         ]
C:\Users\_G4rG4m3l_\Documents\GitHub\CMP105\cmp105-coursework-nefastes\Coursework\CMP105App\Tutorial.cpp(209,42): warning C4244: 'argument': conversion from 'int' to 'T', possible loss of data
C:\Users\_G4rG4m3l_\Documents\GitHub\CMP105\cmp105-coursework-nefastes\Coursework\CMP105App\Tutorial.cpp(209,42): warning C4244:         with
C:\Users\_G4rG4m3l_\Documents\GitHub\CMP105\cmp105-coursework-nefastes\Coursework\CMP105App\Tutorial.cpp(209,42): warning C4244:         [
C:\Users\_G4rG4m3l_\Documents\GitHub\CMP105\cmp105-coursework-nefastes\Coursework\CMP105App\Tutorial.cpp(209,42): warning C4244:             T=float
C:\Users\_G4rG4m3l_\Documents\GitHub\CMP105\cmp105-coursework-nefastes\Coursework\CMP105App\Tutorial.cpp(209,42): warning C4244:         ]
C:\Users\_G4rG4m3l_\Documents\GitHub\CMP105\cmp105-coursework-nefastes\Coursework\CMP105App\Tutorial.cpp(230,40): warning C4244: 'argument': conversion from 'int' to 'T', possible loss of data
C:\Users\_G4rG4m3l_\Documents\GitHub\CMP105\cmp105-coursework-nefastes\Coursework\CMP105App\Tutorial.cpp(230,40): warning C4244:         with
C:\Users\_G4rG4m3l_\Documents\GitHub\CMP105\cmp105-coursework-nefastes\Coursework\CMP105App\Tutorial.cpp(230,40): warning C4244:         [
C:\Users\_G4rG4m3l_\Documents\GitHub\CMP105\cmp105-coursework-nefastes\Coursework\CMP105App\Tutorial.cpp(230,40): warning C4244:             T=float
C:\Users\_G4rG4m3l_\Documents\GitHub\CMP105\cmp105-coursework-nefastes\Coursework\CMP105App\Tutorial.cpp(230,40): warning C4244:         ]
C:\Users\_G4rG4m3l_\Documents\GitHub\CMP105\cmp105-coursework-nefastes\Coursework\CMP105App\Tutorial.cpp(244,69): warning C4244: 'argument': conversion from 'int' to 'T', possible loss of data
C:\Users\_G4rG4m3l_\Documents\GitHub\CMP105\cmp105-coursework-nefastes\Coursework\CMP105App\Tutorial.cpp(244,69): warning C4244:         with
C:\Users\_G4rG4m3l_\Documents\GitHub\CMP105\cmp105-coursework-nefastes\Coursework\CMP105App\Tutorial.cpp(244,69): warning C4244:         [
C:\Users\_G4rG4m3l_\Documents\GitHub\CMP105\cmp105-coursework-nefastes\Coursework\CMP105App\Tutorial.cpp(244,69): warning C4244:             T=float
C:\Users\_G4rG4m3l_\Documents\GitHub\CMP105\cmp105-coursework-nefastes\Coursework\CMP105App\Tutorial.cpp(244,69): warning C4244:         ]
C:\Users\_G4rG4m3l_\Documents\GitHub\CMP105\cmp105-coursework-nefastes\Coursework\CMP105App\Tutorial.cpp(527,74): warning C4244: 'argument': conversion from 'int' to 'float', possible loss of data
C:\Users\_G4rG4m3l_\Documents\GitHub\CMP105\cmp105-coursework-nefastes\Coursework\CMP105App\Tutorial.cpp(527,44): warning C4244: 'argument': conversion from 'int' to 'float', possible loss of data
  Generating code
  Previous IPDB not found, fall back to full compilation.
  All 862 functions were compiled because no usable IPDB/IOBJ from previous compilation was found.
  Finished generating code
  CMP105App.vcxproj -> C:\Users\_G4rG4m3l_\Documents\GitHub\CMP105\cmp105-coursework-nefastes\Coursework\x64\Release\CMP105App.exe
